
Gurobi 7.5.1 (win64, Python) logging started 08/17/17 17:40:29


Gurobi 7.5.1 (win64, Python) logging started 08/17/17 17:41:38


Gurobi 7.5.1 (win64, Python) logging started 08/17/17 17:42:57


Gurobi 7.5.1 (win64, Python) logging started 08/17/17 17:43:06


Gurobi 7.5.1 (win64, Python) logging started 08/17/17 17:44:11

Optimize a model with 32 rows, 48 columns and 93 nonzeros
Coefficient statistics:
  Matrix range     [1e+00, 1e+00]
  Objective range  [2e+00, 9e+01]
  Bounds range     [0e+00, 0e+00]
  RHS range        [4e+02, 5e+03]
Presolve removed 3 rows and 3 columns
Presolve time: 0.00s
Presolved: 29 rows, 45 columns, 87 nonzeros

Iteration    Objective       Primal Inf.    Dual Inf.      Time
       0   -6.3708408e+05   1.501154e+04   0.000000e+00      0s
      36    1.8838650e+06   0.000000e+00   0.000000e+00      0s

Solved in 36 iterations and 0.00 seconds
Optimal objective  1.883865000e+06

Gurobi 7.5.1 (win64, Python) logging started 08/17/17 17:44:25

Optimize a model with 32 rows, 48 columns and 93 nonzeros
Coefficient statistics:
  Matrix range     [1e+00, 1e+00]
  Objective range  [2e+00, 9e+01]
  Bounds range     [0e+00, 0e+00]
  RHS range        [4e+02, 5e+03]
Presolve removed 3 rows and 3 columns
Presolve time: 0.00s
Presolved: 29 rows, 45 columns, 87 nonzeros

Iteration    Objective       Primal Inf.    Dual Inf.      Time
       0   -6.3708408e+05   1.501154e+04   0.000000e+00      0s
      36    1.8838650e+06   0.000000e+00   0.000000e+00      0s

Solved in 36 iterations and 0.00 seconds
Optimal objective  1.883865000e+06

Gurobi 7.5.1 (win64, Python) logging started 08/17/17 17:46:06

Optimize a model with 32 rows, 48 columns and 93 nonzeros
Coefficient statistics:
  Matrix range     [1e+00, 1e+00]
  Objective range  [2e+00, 9e+01]
  Bounds range     [0e+00, 0e+00]
  RHS range        [4e+02, 5e+03]
Presolve removed 3 rows and 3 columns
Presolve time: 0.00s
Presolved: 29 rows, 45 columns, 87 nonzeros

Iteration    Objective       Primal Inf.    Dual Inf.      Time
       0   -6.3708408e+05   1.501154e+04   0.000000e+00      0s
      36    1.8838650e+06   0.000000e+00   0.000000e+00      0s

Solved in 36 iterations and 0.00 seconds
Optimal objective  1.883865000e+06

Gurobi 7.5.1 (win64, Python) logging started 08/17/17 17:46:56

Optimize a model with 32 rows, 48 columns and 93 nonzeros
Coefficient statistics:
  Matrix range     [1e+00, 1e+00]
  Objective range  [2e+00, 9e+01]
  Bounds range     [0e+00, 0e+00]
  RHS range        [4e+02, 5e+03]
Presolve removed 3 rows and 3 columns
Presolve time: 0.00s
Presolved: 29 rows, 45 columns, 87 nonzeros

Iteration    Objective       Primal Inf.    Dual Inf.      Time
       0   -6.3708408e+05   1.501154e+04   0.000000e+00      0s
      36    1.8838650e+06   0.000000e+00   0.000000e+00      0s

Solved in 36 iterations and 0.00 seconds
Optimal objective  1.883865000e+06

Gurobi 7.5.1 (win64, Python) logging started 08/17/17 17:50:25

Optimize a model with 32 rows, 48 columns and 87 nonzeros
Coefficient statistics:
  Matrix range     [1e+00, 1e+00]
  Objective range  [2e+00, 9e+01]
  Bounds range     [0e+00, 0e+00]
  RHS range        [4e+02, 5e+03]
Presolve removed 7 rows and 9 columns
Presolve time: 0.00s
Presolved: 25 rows, 39 columns, 75 nonzeros

Iteration    Objective       Primal Inf.    Dual Inf.      Time
       0   -5.0652055e+05   1.313526e+04   0.000000e+00      0s
      27    1.5777750e+06   0.000000e+00   0.000000e+00      0s

Solved in 27 iterations and 0.00 seconds
Optimal objective  1.577775000e+06

Gurobi 7.5.1 (win64, Python) logging started 08/17/17 17:51:56

Optimize a model with 32 rows, 48 columns and 93 nonzeros
Coefficient statistics:
  Matrix range     [1e+00, 1e+00]
  Objective range  [2e+00, 9e+01]
  Bounds range     [0e+00, 0e+00]
  RHS range        [4e+02, 5e+03]
Presolve removed 3 rows and 3 columns
Presolve time: 0.00s
Presolved: 29 rows, 45 columns, 87 nonzeros

Iteration    Objective       Primal Inf.    Dual Inf.      Time
       0    2.4000000e+03   3.456250e+03   0.000000e+00      0s
      36    1.9564150e+06   0.000000e+00   0.000000e+00      0s

Solved in 36 iterations and 0.00 seconds
Optimal objective  1.956415000e+06

Gurobi 7.5.1 (win64, Python) logging started 08/17/17 17:53:03

Optimize a model with 32 rows, 48 columns and 87 nonzeros
Coefficient statistics:
  Matrix range     [1e+00, 1e+00]
  Objective range  [2e+00, 9e+01]
  Bounds range     [0e+00, 0e+00]
  RHS range        [4e+02, 5e+03]
Presolve removed 7 rows and 9 columns
Presolve time: 0.00s
Presolved: 25 rows, 39 columns, 75 nonzeros

Iteration    Objective       Primal Inf.    Dual Inf.      Time
       0    1.0500000e+04   2.865000e+03   0.000000e+00      0s
      30    1.6665250e+06   0.000000e+00   0.000000e+00      0s

Solved in 30 iterations and 0.00 seconds
Optimal objective  1.666525000e+06

Gurobi 7.5.1 (win64, Python) logging started 08/17/17 17:53:59

Optimize a model with 32 rows, 48 columns and 93 nonzeros
Coefficient statistics:
  Matrix range     [1e+00, 1e+00]
  Objective range  [2e+00, 9e+01]
  Bounds range     [0e+00, 0e+00]
  RHS range        [4e+02, 5e+03]
Presolve removed 3 rows and 3 columns
Presolve time: 0.00s
Presolved: 29 rows, 45 columns, 87 nonzeros

Iteration    Objective       Primal Inf.    Dual Inf.      Time
       0    2.4000000e+03   3.456250e+03   0.000000e+00      0s
      36    1.9564150e+06   0.000000e+00   0.000000e+00      0s

Solved in 36 iterations and 0.00 seconds
Optimal objective  1.956415000e+06

Gurobi 7.5.1 (win64, Python) logging started 08/17/17 17:55:01

Optimize a model with 32 rows, 48 columns and 87 nonzeros
Coefficient statistics:
  Matrix range     [1e+00, 1e+00]
  Objective range  [2e+00, 9e+01]
  Bounds range     [0e+00, 0e+00]
  RHS range        [4e+02, 5e+03]
Presolve removed 7 rows and 9 columns
Presolve time: 0.00s
Presolved: 25 rows, 39 columns, 75 nonzeros

Iteration    Objective       Primal Inf.    Dual Inf.      Time
       0    1.0500000e+04   2.865000e+03   0.000000e+00      0s
      30    1.6665250e+06   0.000000e+00   0.000000e+00      0s

Solved in 30 iterations and 0.00 seconds
Optimal objective  1.666525000e+06

Gurobi 7.5.1 (win64, Python) logging started 08/17/17 17:56:19

Optimize a model with 32 rows, 48 columns and 93 nonzeros
Coefficient statistics:
  Matrix range     [1e+00, 1e+00]
  Objective range  [2e+00, 9e+01]
  Bounds range     [0e+00, 0e+00]
  RHS range        [4e+02, 5e+03]
Presolve removed 3 rows and 3 columns
Presolve time: 0.00s
Presolved: 29 rows, 45 columns, 87 nonzeros

Iteration    Objective       Primal Inf.    Dual Inf.      Time
       0    2.4000000e+03   3.456250e+03   0.000000e+00      0s
      36    1.9564150e+06   0.000000e+00   0.000000e+00      0s

Solved in 36 iterations and 0.00 seconds
Optimal objective  1.956415000e+06

Gurobi 7.5.1 (win64, Python) logging started 08/17/17 18:00:11

Optimize a model with 32 rows, 48 columns and 93 nonzeros
Coefficient statistics:
  Matrix range     [1e+00, 1e+00]
  Objective range  [2e+00, 9e+01]
  Bounds range     [0e+00, 0e+00]
  RHS range        [4e+02, 5e+03]
Presolve removed 3 rows and 3 columns
Presolve time: 0.00s
Presolved: 29 rows, 45 columns, 87 nonzeros

Iteration    Objective       Primal Inf.    Dual Inf.      Time
       0    2.4000000e+03   3.456250e+03   0.000000e+00      0s
      36    1.9564150e+06   0.000000e+00   0.000000e+00      0s

Solved in 36 iterations and 0.00 seconds
Optimal objective  1.956415000e+06

Gurobi 7.5.1 (win64, Python) logging started 08/17/17 18:00:39

Optimize a model with 32 rows, 48 columns and 87 nonzeros
Coefficient statistics:
  Matrix range     [1e+00, 1e+00]
  Objective range  [2e+00, 9e+01]
  Bounds range     [0e+00, 0e+00]
  RHS range        [4e+02, 5e+03]
Presolve removed 7 rows and 9 columns
Presolve time: 0.00s
Presolved: 25 rows, 39 columns, 75 nonzeros

Iteration    Objective       Primal Inf.    Dual Inf.      Time
       0    1.0500000e+04   2.865000e+03   0.000000e+00      0s
      30    1.6665250e+06   0.000000e+00   0.000000e+00      0s

Solved in 30 iterations and 0.00 seconds
Optimal objective  1.666525000e+06

Gurobi 7.5.1 (win64, Python) logging started 08/17/17 18:01:30

Optimize a model with 32 rows, 48 columns and 87 nonzeros
Coefficient statistics:
  Matrix range     [1e+00, 1e+00]
  Objective range  [2e+00, 9e+01]
  Bounds range     [0e+00, 0e+00]
  RHS range        [4e+02, 5e+03]
Presolve removed 7 rows and 9 columns
Presolve time: 0.00s
Presolved: 25 rows, 39 columns, 75 nonzeros

Iteration    Objective       Primal Inf.    Dual Inf.      Time
       0    1.0500000e+04   2.865000e+03   0.000000e+00      0s
      30    1.6665250e+06   0.000000e+00   0.000000e+00      0s

Solved in 30 iterations and 0.00 seconds
Optimal objective  1.666525000e+06

Gurobi 7.5.1 (win64, Python) logging started 08/17/17 18:06:21

Optimize a model with 32 rows, 48 columns and 93 nonzeros
Coefficient statistics:
  Matrix range     [1e+00, 1e+00]
  Objective range  [2e+00, 9e+01]
  Bounds range     [0e+00, 0e+00]
  RHS range        [4e+02, 5e+03]
Presolve removed 3 rows and 3 columns
Presolve time: 0.00s
Presolved: 29 rows, 45 columns, 87 nonzeros

Iteration    Objective       Primal Inf.    Dual Inf.      Time
       0    2.4000000e+03   3.456250e+03   0.000000e+00      0s
      36    1.9564150e+06   0.000000e+00   0.000000e+00      0s

Solved in 36 iterations and 0.00 seconds
Optimal objective  1.956415000e+06

Gurobi 7.5.1 (win64, Python) logging started 08/17/17 18:07:23

Optimize a model with 32 rows, 48 columns and 87 nonzeros
Coefficient statistics:
  Matrix range     [1e+00, 1e+00]
  Objective range  [2e+00, 9e+01]
  Bounds range     [0e+00, 0e+00]
  RHS range        [4e+02, 5e+03]
Presolve removed 7 rows and 9 columns
Presolve time: 0.00s
Presolved: 25 rows, 39 columns, 75 nonzeros

Iteration    Objective       Primal Inf.    Dual Inf.      Time
       0    1.0500000e+04   2.865000e+03   0.000000e+00      0s
      30    1.6665250e+06   0.000000e+00   0.000000e+00      0s

Solved in 30 iterations and 0.00 seconds
Optimal objective  1.666525000e+06

Gurobi 7.5.1 (win64, Python) logging started 08/17/17 18:09:01

Optimize a model with 35 rows, 48 columns and 96 nonzeros
Coefficient statistics:
  Matrix range     [1e+00, 1e+00]
  Objective range  [2e+00, 9e+01]
  Bounds range     [0e+00, 0e+00]
  RHS range        [4e+02, 5e+03]
Presolve removed 9 rows and 9 columns
Presolve time: 0.00s
Presolved: 26 rows, 39 columns, 78 nonzeros

Iteration    Objective       Primal Inf.    Dual Inf.      Time
       0    2.5695000e+04   4.131250e+03   0.000000e+00      0s
      34    2.4684000e+06   0.000000e+00   0.000000e+00      0s

Solved in 34 iterations and 0.00 seconds
Optimal objective  2.468400000e+06

Gurobi 7.5.1 (win64, Python) logging started 08/17/17 18:12:08

Optimize a model with 59 rows, 48 columns and 120 nonzeros
Coefficient statistics:
  Matrix range     [1e+00, 1e+00]
  Objective range  [2e+00, 9e+01]
  Bounds range     [0e+00, 0e+00]
  RHS range        [4e+02, 5e+03]
Presolve removed 35 rows and 11 columns
Presolve time: 0.00s
Presolved: 24 rows, 37 columns, 74 nonzeros

Iteration    Objective       Primal Inf.    Dual Inf.      Time
       0    1.5359500e+05   3.893750e+03   0.000000e+00      0s
      26    2.4687500e+06   0.000000e+00   0.000000e+00      0s

Solved in 26 iterations and 0.00 seconds
Optimal objective  2.468750000e+06

Gurobi 7.5.1 (win64, Python) logging started 08/17/17 18:35:28


Gurobi 7.5.1 (win64, Python) logging started 08/17/17 18:35:51


Gurobi 7.5.1 (win64, Python) logging started 08/17/17 18:36:20


Gurobi 7.5.1 (win64, Python) logging started 08/17/17 18:36:30


Gurobi 7.5.1 (win64, Python) logging started 08/17/17 18:36:44


Gurobi 7.5.1 (win64, Python) logging started 08/17/17 18:37:41

Optimize a model with 91 rows, 80 columns and 200 nonzeros
Coefficient statistics:
  Matrix range     [1e+00, 5e+03]
  Objective range  [2e+00, 2e+04]
  Bounds range     [0e+00, 0e+00]
  RHS range        [4e+02, 5e+03]
Presolve removed 67 rows and 43 columns
Presolve time: 0.00s
Presolved: 24 rows, 37 columns, 74 nonzeros

Iteration    Objective       Primal Inf.    Dual Inf.      Time
       0    1.6423500e+05   3.893750e+03   0.000000e+00      0s
      26    2.6538300e+06   0.000000e+00   0.000000e+00      0s

Solved in 26 iterations and 0.00 seconds
Optimal objective  2.653830000e+06

Gurobi 7.5.1 (win64, Python) logging started 08/17/17 18:38:18

Optimize a model with 91 rows, 80 columns and 200 nonzeros
Coefficient statistics:
  Matrix range     [1e+00, 5e+03]
  Objective range  [2e+00, 2e+04]
  Bounds range     [0e+00, 0e+00]
  RHS range        [4e+02, 5e+03]
Presolve removed 67 rows and 43 columns
Presolve time: 0.00s
Presolved: 24 rows, 37 columns, 74 nonzeros

Iteration    Objective       Primal Inf.    Dual Inf.      Time
       0    1.5916833e+05   3.893750e+03   0.000000e+00      0s
      26    2.5656967e+06   0.000000e+00   0.000000e+00      0s

Solved in 26 iterations and 0.00 seconds
Optimal objective  2.565696667e+06

Gurobi 7.5.1 (win64, Python) logging started 08/17/17 18:41:08

Optimize a model with 91 rows, 80 columns and 200 nonzeros
Coefficient statistics:
  Matrix range     [1e+00, 5e+03]
  Objective range  [2e+00, 2e+04]
  Bounds range     [0e+00, 0e+00]
  RHS range        [4e+02, 5e+03]
Presolve removed 67 rows and 43 columns
Presolve time: 0.00s
Presolved: 24 rows, 37 columns, 74 nonzeros

Iteration    Objective       Primal Inf.    Dual Inf.      Time
       0    1.5916833e+05   3.893750e+03   0.000000e+00      0s
      26    2.5656967e+06   0.000000e+00   0.000000e+00      0s

Solved in 26 iterations and 0.00 seconds
Optimal objective  2.565696667e+06

Gurobi 7.5.1 (win64, Python) logging started 08/17/17 18:42:14

Optimize a model with 91 rows, 80 columns and 200 nonzeros
Coefficient statistics:
  Matrix range     [1e+00, 5e+03]
  Objective range  [2e+00, 2e+04]
  Bounds range     [0e+00, 0e+00]
  RHS range        [4e+02, 5e+03]
Presolve removed 67 rows and 43 columns
Presolve time: 0.00s
Presolved: 24 rows, 37 columns, 74 nonzeros

Iteration    Objective       Primal Inf.    Dual Inf.      Time
       0    1.5916833e+05   3.893750e+03   0.000000e+00      0s
      26    2.5656967e+06   0.000000e+00   0.000000e+00      0s

Solved in 26 iterations and 0.00 seconds
Optimal objective  2.565696667e+06

Gurobi 7.5.1 (win64, Python) logging started 08/17/17 18:42:33

Optimize a model with 91 rows, 80 columns and 200 nonzeros
Coefficient statistics:
  Matrix range     [1e+00, 5e+03]
  Objective range  [2e+00, 2e+04]
  Bounds range     [0e+00, 0e+00]
  RHS range        [4e+02, 5e+03]
Presolve removed 67 rows and 43 columns
Presolve time: 0.00s
Presolved: 24 rows, 37 columns, 74 nonzeros

Iteration    Objective       Primal Inf.    Dual Inf.      Time
       0    1.6423500e+05   3.893750e+03   0.000000e+00      0s
      26    2.6538300e+06   0.000000e+00   0.000000e+00      0s

Solved in 26 iterations and 0.00 seconds
Optimal objective  2.653830000e+06

Gurobi 7.5.1 (win64, Python) logging started 08/17/17 18:42:37

Optimize a model with 91 rows, 80 columns and 200 nonzeros
Coefficient statistics:
  Matrix range     [1e+00, 5e+03]
  Objective range  [2e+00, 2e+04]
  Bounds range     [0e+00, 0e+00]
  RHS range        [4e+02, 5e+03]
Presolve removed 67 rows and 43 columns
Presolve time: 0.00s
Presolved: 24 rows, 37 columns, 74 nonzeros

Iteration    Objective       Primal Inf.    Dual Inf.      Time
       0    1.6423500e+05   3.893750e+03   0.000000e+00      0s
      26    2.6538300e+06   0.000000e+00   0.000000e+00      0s

Solved in 26 iterations and 0.00 seconds
Optimal objective  2.653830000e+06

Gurobi 7.5.1 (win64, Python) logging started 08/17/17 18:42:52

Optimize a model with 91 rows, 80 columns and 200 nonzeros
Coefficient statistics:
  Matrix range     [1e+00, 5e+04]
  Objective range  [2e+00, 2e+04]
  Bounds range     [0e+00, 0e+00]
  RHS range        [4e+02, 5e+03]
Presolve removed 67 rows and 43 columns
Presolve time: 0.00s
Presolved: 24 rows, 37 columns, 74 nonzeros

Iteration    Objective       Primal Inf.    Dual Inf.      Time
       0    1.5465900e+05   3.893750e+03   0.000000e+00      0s
      26    2.4872580e+06   0.000000e+00   0.000000e+00      0s

Solved in 26 iterations and 0.00 seconds
Optimal objective  2.487258000e+06

Gurobi 7.5.1 (win64, Python) logging started 08/17/17 18:43:00

Optimize a model with 91 rows, 80 columns and 200 nonzeros
Coefficient statistics:
  Matrix range     [1e+00, 5e+04]
  Objective range  [2e+00, 2e+04]
  Bounds range     [0e+00, 0e+00]
  RHS range        [4e+02, 5e+03]
Presolve removed 67 rows and 43 columns
Presolve time: 0.00s
Presolved: 24 rows, 37 columns, 74 nonzeros

Iteration    Objective       Primal Inf.    Dual Inf.      Time
       0    1.5415233e+05   3.893750e+03   0.000000e+00      0s
      26    2.4784447e+06   0.000000e+00   0.000000e+00      0s

Solved in 26 iterations and 0.00 seconds
Optimal objective  2.478444667e+06

Gurobi 7.5.1 (win64, Python) logging started 08/17/17 18:44:38

Optimize a model with 91 rows, 80 columns and 200 nonzeros
Variable types: 48 continuous, 32 integer (32 binary)
Coefficient statistics:
  Matrix range     [1e+00, 5e+04]
  Objective range  [2e+00, 2e+04]
  Bounds range     [1e+00, 1e+00]
  RHS range        [4e+02, 5e+03]
Found heuristic solution: objective 2.82495e+06
Presolve removed 41 rows and 17 columns
Presolve time: 0.00s
Presolved: 50 rows, 63 columns, 149 nonzeros
Variable types: 37 continuous, 26 integer (26 binary)

Root relaxation: objective 2.685599e+06, 55 iterations, 0.00 seconds

    Nodes    |    Current Node    |     Objective Bounds      |     Work
 Expl Unexpl |  Obj  Depth IntInf | Incumbent    BestBd   Gap | It/Node Time

     0     0 2685598.87    0   11 2824950.00 2685598.87  4.93%     -    0s
H    0     0                    2736025.0000 2685598.87  1.84%     -    0s
H    0     0                    2720025.0000 2685598.87  1.27%     -    0s
     0     0 2696500.95    0   11 2720025.00 2696500.95  0.86%     -    0s
     0     0 2701522.20    0   13 2720025.00 2701522.20  0.68%     -    0s
     0     0 2702168.54    0   17 2720025.00 2702168.54  0.66%     -    0s
     0     0 2702343.20    0   19 2720025.00 2702343.20  0.65%     -    0s
     0     0 2707373.21    0   15 2720025.00 2707373.21  0.47%     -    0s
     0     0 2708004.41    0   15 2720025.00 2708004.41  0.44%     -    0s
     0     0 2708069.57    0   16 2720025.00 2708069.57  0.44%     -    0s
     0     0 2709142.40    0   14 2720025.00 2709142.40  0.40%     -    0s
     0     0 2709256.44    0   17 2720025.00 2709256.44  0.40%     -    0s
     0     0 2710076.19    0   21 2720025.00 2710076.19  0.37%     -    0s
     0     0 2711305.41    0   20 2720025.00 2711305.41  0.32%     -    0s
     0     0 2711420.68    0   20 2720025.00 2711420.68  0.32%     -    0s
     0     0 2711562.42    0   20 2720025.00 2711562.42  0.31%     -    0s
     0     0 2711603.98    0   18 2720025.00 2711603.98  0.31%     -    0s
     0     0 2711897.73    0   19 2720025.00 2711897.73  0.30%     -    0s
     0     0 2712075.84    0   20 2720025.00 2712075.84  0.29%     -    0s
     0     0 2712075.84    0   16 2720025.00 2712075.84  0.29%     -    0s
     0     2 2712075.84    0   16 2720025.00 2712075.84  0.29%     -    0s

Cutting planes:
  Gomory: 1
  Cover: 6
  Implied bound: 4
  Clique: 2
  MIR: 7
  Flow cover: 11

Explored 19 nodes (343 simplex iterations) in 0.04 seconds
Thread count was 8 (of 8 available processors)

Solution count 3: 2.72003e+06 2.73603e+06 2.82495e+06 

Optimal solution found (tolerance 1.00e-04)
Best objective 2.720025000000e+06, best bound 2.719847222222e+06, gap 0.0065%

Gurobi 7.5.1 (win64, Python) logging started 08/17/17 18:45:03

Optimize a model with 91 rows, 80 columns and 200 nonzeros
Variable types: 48 continuous, 32 integer (32 binary)
Coefficient statistics:
  Matrix range     [1e+00, 5e+03]
  Objective range  [2e+00, 2e+04]
  Bounds range     [1e+00, 1e+00]
  RHS range        [4e+02, 5e+03]
Found heuristic solution: objective 2.79351e+06
Presolve removed 46 rows and 17 columns
Presolve time: 0.00s
Presolved: 45 rows, 63 columns, 129 nonzeros
Variable types: 37 continuous, 26 integer (26 binary)

Root relaxation: objective 2.685599e+06, 53 iterations, 0.00 seconds

    Nodes    |    Current Node    |     Objective Bounds      |     Work
 Expl Unexpl |  Obj  Depth IntInf | Incumbent    BestBd   Gap | It/Node Time

     0     0 2685598.87    0   11 2793505.00 2685598.87  3.86%     -    0s
H    0     0                    2736025.0000 2685598.87  1.84%     -    0s
H    0     0                    2720025.0000 2686835.98  1.22%     -    0s
     0     0 2697316.52    0   15 2720025.00 2697316.52  0.83%     -    0s
     0     0 2703124.63    0   13 2720025.00 2703124.63  0.62%     -    0s
     0     0 2703346.21    0   15 2720025.00 2703346.21  0.61%     -    0s
     0     0 2703379.64    0   15 2720025.00 2703379.64  0.61%     -    0s
     0     0 2705170.39    0   17 2720025.00 2705170.39  0.55%     -    0s
     0     0 2707089.29    0   11 2720025.00 2707089.29  0.48%     -    0s
     0     0 2707148.98    0    8 2720025.00 2707148.98  0.47%     -    0s
     0     0 2707184.69    0   11 2720025.00 2707184.69  0.47%     -    0s
     0     0 2707263.19    0   11 2720025.00 2707263.19  0.47%     -    0s
     0     0 2707276.41    0   20 2720025.00 2707276.41  0.47%     -    0s
     0     0 2710360.09    0   17 2720025.00 2710360.09  0.36%     -    0s
     0     0 2711309.87    0   12 2720025.00 2711309.87  0.32%     -    0s
     0     0 2711732.02    0   18 2720025.00 2711732.02  0.30%     -    0s
     0     0 2711789.01    0   18 2720025.00 2711789.01  0.30%     -    0s
     0     0 2711791.88    0   18 2720025.00 2711791.88  0.30%     -    0s
     0     0 2711844.24    0   21 2720025.00 2711844.24  0.30%     -    0s
     0     0 2711846.90    0   19 2720025.00 2711846.90  0.30%     -    0s
     0     0 2712163.37    0   18 2720025.00 2712163.37  0.29%     -    0s
     0     0 2712189.32    0   18 2720025.00 2712189.32  0.29%     -    0s
     0     0 2712239.56    0   17 2720025.00 2712239.56  0.29%     -    0s
     0     0 2712239.56    0   17 2720025.00 2712239.56  0.29%     -    0s
     0     2 2712239.56    0   17 2720025.00 2712239.56  0.29%     -    0s

Cutting planes:
  Gomory: 1
  Cover: 9
  Implied bound: 4
  MIR: 9
  Flow cover: 9

Explored 33 nodes (415 simplex iterations) in 0.03 seconds
Thread count was 8 (of 8 available processors)

Solution count 3: 2.72003e+06 2.73603e+06 2.79351e+06 

Optimal solution found (tolerance 1.00e-04)
Best objective 2.720025000000e+06, best bound 2.720025000000e+06, gap 0.0000%

Gurobi 7.5.1 (win64, Python) logging started 08/18/17 10:03:51


Gurobi 7.5.1 (win64, Python) logging started 08/18/17 10:04:57

Optimize a model with 107 rows, 88 columns and 264 nonzeros
Variable types: 48 continuous, 40 integer (40 binary)
Coefficient statistics:
  Matrix range     [1e+00, 8e+03]
  Objective range  [2e+00, 3e+04]
  Bounds range     [1e+00, 1e+00]
  RHS range        [1e+00, 4e+03]
Presolve removed 33 rows and 15 columns
Presolve time: 0.00s

Explored 0 nodes (0 simplex iterations) in 0.00 seconds
Thread count was 1 (of 8 available processors)

Solution count 0

Model is infeasible
Best objective -, best bound -, gap -

Gurobi 7.5.1 (win64, Python) logging started 08/18/17 10:10:52

Optimize a model with 107 rows, 88 columns and 264 nonzeros
Variable types: 48 continuous, 40 integer (40 binary)
Coefficient statistics:
  Matrix range     [1e+00, 8e+03]
  Objective range  [2e+00, 3e+04]
  Bounds range     [1e+00, 1e+00]
  RHS range        [1e+00, 4e+03]
Presolve removed 33 rows and 15 columns
Presolve time: 0.00s

Explored 0 nodes (0 simplex iterations) in 0.00 seconds
Thread count was 1 (of 8 available processors)

Solution count 0

Model is infeasible
Best objective -, best bound -, gap -

Gurobi 7.5.1 (win64, Python) logging started 08/18/17 10:12:03

Optimize a model with 91 rows, 88 columns and 200 nonzeros
Variable types: 48 continuous, 40 integer (40 binary)
Coefficient statistics:
  Matrix range     [1e+00, 8e+03]
  Objective range  [2e+00, 3e+04]
  Bounds range     [1e+00, 1e+00]
  RHS range        [1e+00, 4e+03]
Found heuristic solution: objective 2.81233e+06
Presolve removed 41 rows and 17 columns
Presolve time: 0.00s
Presolved: 50 rows, 71 columns, 139 nonzeros
Variable types: 37 continuous, 34 integer (34 binary)

Root relaxation: objective 2.399727e+06, 44 iterations, 0.00 seconds

    Nodes    |    Current Node    |     Objective Bounds      |     Work
 Expl Unexpl |  Obj  Depth IntInf | Incumbent    BestBd   Gap | It/Node Time

     0     0 2399727.48    0   12 2812330.00 2399727.48  14.7%     -    0s
H    0     0                    2443125.0000 2399727.48  1.78%     -    0s
H    0     0                    2441425.0000 2399727.48  1.71%     -    0s
     0     0 2423512.11    0    7 2441425.00 2423512.11  0.73%     -    0s
     0     0 2424752.80    0    6 2441425.00 2424752.80  0.68%     -    0s
     0     0 2428803.10    0    4 2441425.00 2428803.10  0.52%     -    0s
     0     0 2428803.10    0    7 2441425.00 2428803.10  0.52%     -    0s
     0     0 2428803.10    0    3 2441425.00 2428803.10  0.52%     -    0s
     0     0 2435787.56    0    3 2441425.00 2435787.56  0.23%     -    0s
     0     0 2435787.56    0    3 2441425.00 2435787.56  0.23%     -    0s
     0     0 2435787.56    0    1 2441425.00 2435787.56  0.23%     -    0s

Cutting planes:
  Gomory: 2
  Cover: 1
  Implied bound: 2
  MIR: 1
  Flow cover: 1

Explored 1 nodes (115 simplex iterations) in 0.03 seconds
Thread count was 8 (of 8 available processors)

Solution count 3: 2.44143e+06 2.44313e+06 2.81233e+06 
No other solutions better than 2.44143e+06

Optimal solution found (tolerance 1.00e-04)
Best objective 2.441425000000e+06, best bound 2.441425000000e+06, gap 0.0000%

Gurobi 7.5.1 (win64, Python) logging started 08/18/17 10:12:40

Optimize a model with 99 rows, 88 columns and 232 nonzeros
Variable types: 48 continuous, 40 integer (40 binary)
Coefficient statistics:
  Matrix range     [1e+00, 8e+03]
  Objective range  [2e+00, 3e+04]
  Bounds range     [1e+00, 1e+00]
  RHS range        [1e+00, 4e+03]
Found heuristic solution: objective 2.88478e+06
Presolve removed 54 rows and 25 columns
Presolve time: 0.00s
Presolved: 45 rows, 63 columns, 129 nonzeros
Variable types: 37 continuous, 26 integer (26 binary)

Root relaxation: objective 2.685599e+06, 53 iterations, 0.00 seconds

    Nodes    |    Current Node    |     Objective Bounds      |     Work
 Expl Unexpl |  Obj  Depth IntInf | Incumbent    BestBd   Gap | It/Node Time

     0     0 2685598.87    0   11 2884775.00 2685598.87  6.90%     -    0s
H    0     0                    2736025.0000 2685598.87  1.84%     -    0s
H    0     0                    2720025.0000 2686835.98  1.22%     -    0s
     0     0 2697316.52    0   15 2720025.00 2697316.52  0.83%     -    0s
     0     0 2701974.38    0   14 2720025.00 2701974.38  0.66%     -    0s
     0     0 2702281.88    0   13 2720025.00 2702281.88  0.65%     -    0s
     0     0 2702343.20    0   18 2720025.00 2702343.20  0.65%     -    0s
     0     0 2707365.38    0   15 2720025.00 2707365.38  0.47%     -    0s
     0     0 2708011.84    0   14 2720025.00 2708011.84  0.44%     -    0s
     0     0 2708216.88    0   15 2720025.00 2708216.88  0.43%     -    0s
     0     0 2709557.91    0   12 2720025.00 2709557.91  0.38%     -    0s
     0     0 2709596.27    0   13 2720025.00 2709596.27  0.38%     -    0s
     0     0 2710175.03    0   20 2720025.00 2710175.03  0.36%     -    0s
     0     0 2711160.14    0   19 2720025.00 2711160.14  0.33%     -    0s
     0     0 2711271.15    0   18 2720025.00 2711271.15  0.32%     -    0s
     0     0 2711353.55    0   19 2720025.00 2711353.55  0.32%     -    0s
     0     0 2711439.34    0   20 2720025.00 2711439.34  0.32%     -    0s
     0     0 2711673.21    0   18 2720025.00 2711673.21  0.31%     -    0s
     0     0 2711740.60    0   18 2720025.00 2711740.60  0.30%     -    0s
     0     0 2712028.56    0   18 2720025.00 2712028.56  0.29%     -    0s
     0     0 2712028.56    0   18 2720025.00 2712028.56  0.29%     -    0s
     0     2 2712028.56    0   18 2720025.00 2712028.56  0.29%     -    0s

Cutting planes:
  Gomory: 2
  Cover: 4
  Implied bound: 3
  Clique: 2
  MIR: 7
  Flow cover: 12

Explored 27 nodes (386 simplex iterations) in 0.03 seconds
Thread count was 8 (of 8 available processors)

Solution count 3: 2.72003e+06 2.73603e+06 2.88478e+06 

Optimal solution found (tolerance 1.00e-04)
Best objective 2.720025000000e+06, best bound 2.720025000000e+06, gap 0.0000%

Gurobi 7.5.1 (win64, Python) logging started 08/18/17 10:14:18

Optimize a model with 99 rows, 88 columns and 248 nonzeros
Variable types: 48 continuous, 40 integer (40 binary)
Coefficient statistics:
  Matrix range     [1e+00, 8e+03]
  Objective range  [2e+00, 3e+04]
  Bounds range     [1e+00, 1e+00]
  RHS range        [4e+02, 4e+03]
Found heuristic solution: objective 3.00817e+06
Presolve removed 44 rows and 20 columns
Presolve time: 0.00s
Presolved: 55 rows, 68 columns, 169 nonzeros
Variable types: 37 continuous, 31 integer (31 binary)

Root relaxation: objective 2.515392e+06, 46 iterations, 0.00 seconds

    Nodes    |    Current Node    |     Objective Bounds      |     Work
 Expl Unexpl |  Obj  Depth IntInf | Incumbent    BestBd   Gap | It/Node Time

     0     0 2515391.57    0   13 3008165.00 2515391.57  16.4%     -    0s
H    0     0                    2601040.0000 2515391.57  3.29%     -    0s
H    0     0                    2549425.0000 2515391.57  1.33%     -    0s
     0     0 2537459.52    0    5 2549425.00 2537459.52  0.47%     -    0s
     0     0 2538034.13    0    5 2549425.00 2538034.13  0.45%     -    0s
     0     0 2538262.01    0    7 2549425.00 2538262.01  0.44%     -    0s
     0     0 2538262.01    0    6 2549425.00 2538262.01  0.44%     -    0s
     0     0 2545232.49    0    1 2549425.00 2545232.49  0.16%     -    0s
     0     0 2546451.42    0    2 2549425.00 2546451.42  0.12%     -    0s
     0     0     cutoff    0      2549425.00 2549425.00  0.00%     -    0s

Cutting planes:
  Gomory: 2
  Cover: 1
  Implied bound: 2
  MIR: 1
  Flow cover: 2

Explored 1 nodes (103 simplex iterations) in 0.02 seconds
Thread count was 8 (of 8 available processors)

Solution count 3: 2.54942e+06 2.60104e+06 3.00817e+06 

Optimal solution found (tolerance 1.00e-04)
Best objective 2.549425000000e+06, best bound 2.549425000000e+06, gap 0.0000%

Gurobi 7.5.1 (win64, Python) logging started 08/18/17 10:17:15

Optimize a model with 99 rows, 88 columns and 248 nonzeros
Variable types: 48 continuous, 40 integer (40 binary)
Coefficient statistics:
  Matrix range     [1e+00, 8e+03]
  Objective range  [2e+00, 3e+04]
  Bounds range     [1e+00, 1e+00]
  RHS range        [4e+02, 4e+03]
Found heuristic solution: objective 3.00817e+06
Presolve removed 44 rows and 20 columns
Presolve time: 0.00s
Presolved: 55 rows, 68 columns, 169 nonzeros
Variable types: 37 continuous, 31 integer (31 binary)

Root relaxation: objective 2.515392e+06, 46 iterations, 0.00 seconds

    Nodes    |    Current Node    |     Objective Bounds      |     Work
 Expl Unexpl |  Obj  Depth IntInf | Incumbent    BestBd   Gap | It/Node Time

     0     0 2515391.57    0   13 3008165.00 2515391.57  16.4%     -    0s
H    0     0                    2601040.0000 2515391.57  3.29%     -    0s
H    0     0                    2549425.0000 2515391.57  1.33%     -    0s
     0     0 2537459.52    0    5 2549425.00 2537459.52  0.47%     -    0s
     0     0 2538034.13    0    5 2549425.00 2538034.13  0.45%     -    0s
     0     0 2538262.01    0    7 2549425.00 2538262.01  0.44%     -    0s
     0     0 2538262.01    0    6 2549425.00 2538262.01  0.44%     -    0s
     0     0 2545232.49    0    1 2549425.00 2545232.49  0.16%     -    0s
     0     0 2546451.42    0    2 2549425.00 2546451.42  0.12%     -    0s
     0     0     cutoff    0      2549425.00 2549425.00  0.00%     -    0s

Cutting planes:
  Gomory: 2
  Cover: 1
  Implied bound: 2
  MIR: 1
  Flow cover: 2

Explored 1 nodes (103 simplex iterations) in 0.02 seconds
Thread count was 8 (of 8 available processors)

Solution count 3: 2.54942e+06 2.60104e+06 3.00817e+06 

Optimal solution found (tolerance 1.00e-04)
Best objective 2.549425000000e+06, best bound 2.549425000000e+06, gap 0.0000%

Gurobi 7.5.1 (win64, Python) logging started 08/18/17 10:17:30

Optimize a model with 99 rows, 88 columns and 248 nonzeros
Variable types: 48 continuous, 40 integer (40 binary)
Coefficient statistics:
  Matrix range     [1e+00, 8e+03]
  Objective range  [2e+00, 3e+04]
  Bounds range     [1e+00, 1e+00]
  RHS range        [4e+02, 4e+03]
Found heuristic solution: objective 3.00817e+06
Presolve removed 44 rows and 20 columns
Presolve time: 0.00s
Presolved: 55 rows, 68 columns, 169 nonzeros
Variable types: 37 continuous, 31 integer (31 binary)

Root relaxation: objective 2.515392e+06, 46 iterations, 0.00 seconds

    Nodes    |    Current Node    |     Objective Bounds      |     Work
 Expl Unexpl |  Obj  Depth IntInf | Incumbent    BestBd   Gap | It/Node Time

     0     0 2515391.57    0   13 3008165.00 2515391.57  16.4%     -    0s
H    0     0                    2601040.0000 2515391.57  3.29%     -    0s
H    0     0                    2549425.0000 2515391.57  1.33%     -    0s
     0     0 2537459.52    0    5 2549425.00 2537459.52  0.47%     -    0s
     0     0 2538034.13    0    5 2549425.00 2538034.13  0.45%     -    0s
     0     0 2538262.01    0    7 2549425.00 2538262.01  0.44%     -    0s
     0     0 2538262.01    0    6 2549425.00 2538262.01  0.44%     -    0s
     0     0 2545232.49    0    1 2549425.00 2545232.49  0.16%     -    0s
     0     0 2546451.42    0    2 2549425.00 2546451.42  0.12%     -    0s
     0     0     cutoff    0      2549425.00 2549425.00  0.00%     -    0s

Cutting planes:
  Gomory: 2
  Cover: 1
  Implied bound: 2
  MIR: 1
  Flow cover: 2

Explored 1 nodes (103 simplex iterations) in 0.02 seconds
Thread count was 8 (of 8 available processors)

Solution count 3: 2.54942e+06 2.60104e+06 3.00817e+06 

Optimal solution found (tolerance 1.00e-04)
Best objective 2.549425000000e+06, best bound 2.549425000000e+06, gap 0.0000%

Gurobi 7.5.1 (win64, Python) logging started 08/18/17 10:18:09

Optimize a model with 107 rows, 88 columns and 264 nonzeros
Variable types: 48 continuous, 40 integer (40 binary)
Coefficient statistics:
  Matrix range     [1e+00, 8e+03]
  Objective range  [2e+00, 3e+04]
  Bounds range     [1e+00, 1e+00]
  RHS range        [1e+00, 4e+03]
Presolve removed 33 rows and 15 columns
Presolve time: 0.00s

Explored 0 nodes (0 simplex iterations) in 0.00 seconds
Thread count was 1 (of 8 available processors)

Solution count 0

Model is infeasible
Best objective -, best bound -, gap -

Gurobi 7.5.1 (win64, Python) logging started 08/18/17 10:18:29

Optimize a model with 99 rows, 88 columns and 232 nonzeros
Variable types: 48 continuous, 40 integer (40 binary)
Coefficient statistics:
  Matrix range     [1e+00, 8e+03]
  Objective range  [2e+00, 3e+04]
  Bounds range     [1e+00, 1e+00]
  RHS range        [1e+00, 4e+03]
Found heuristic solution: objective 2.88478e+06
Presolve removed 54 rows and 25 columns
Presolve time: 0.00s
Presolved: 45 rows, 63 columns, 129 nonzeros
Variable types: 37 continuous, 26 integer (26 binary)

Root relaxation: objective 2.685599e+06, 53 iterations, 0.00 seconds

    Nodes    |    Current Node    |     Objective Bounds      |     Work
 Expl Unexpl |  Obj  Depth IntInf | Incumbent    BestBd   Gap | It/Node Time

     0     0 2685598.87    0   11 2884775.00 2685598.87  6.90%     -    0s
H    0     0                    2736025.0000 2685598.87  1.84%     -    0s
H    0     0                    2720025.0000 2686835.98  1.22%     -    0s
     0     0 2697316.52    0   15 2720025.00 2697316.52  0.83%     -    0s
     0     0 2701974.38    0   14 2720025.00 2701974.38  0.66%     -    0s
     0     0 2702281.88    0   13 2720025.00 2702281.88  0.65%     -    0s
     0     0 2702343.20    0   18 2720025.00 2702343.20  0.65%     -    0s
     0     0 2707365.38    0   15 2720025.00 2707365.38  0.47%     -    0s
     0     0 2708011.84    0   14 2720025.00 2708011.84  0.44%     -    0s
     0     0 2708216.88    0   15 2720025.00 2708216.88  0.43%     -    0s
     0     0 2709557.91    0   12 2720025.00 2709557.91  0.38%     -    0s
     0     0 2709596.27    0   13 2720025.00 2709596.27  0.38%     -    0s
     0     0 2710175.03    0   20 2720025.00 2710175.03  0.36%     -    0s
     0     0 2711160.14    0   19 2720025.00 2711160.14  0.33%     -    0s
     0     0 2711271.15    0   18 2720025.00 2711271.15  0.32%     -    0s
     0     0 2711353.55    0   19 2720025.00 2711353.55  0.32%     -    0s
     0     0 2711439.34    0   20 2720025.00 2711439.34  0.32%     -    0s
     0     0 2711673.21    0   18 2720025.00 2711673.21  0.31%     -    0s
     0     0 2711740.60    0   18 2720025.00 2711740.60  0.30%     -    0s
     0     0 2712028.56    0   18 2720025.00 2712028.56  0.29%     -    0s
     0     0 2712028.56    0   18 2720025.00 2712028.56  0.29%     -    0s
     0     2 2712028.56    0   18 2720025.00 2712028.56  0.29%     -    0s

Cutting planes:
  Gomory: 2
  Cover: 4
  Implied bound: 3
  Clique: 2
  MIR: 7
  Flow cover: 12

Explored 27 nodes (386 simplex iterations) in 0.04 seconds
Thread count was 8 (of 8 available processors)

Solution count 3: 2.72003e+06 2.73603e+06 2.88478e+06 

Optimal solution found (tolerance 1.00e-04)
Best objective 2.720025000000e+06, best bound 2.720025000000e+06, gap 0.0000%

Gurobi 7.5.1 (win64, Python) logging started 08/18/17 10:18:49

Optimize a model with 99 rows, 88 columns and 232 nonzeros
Variable types: 48 continuous, 40 integer (40 binary)
Coefficient statistics:
  Matrix range     [1e+00, 8e+03]
  Objective range  [2e+00, 3e+04]
  Bounds range     [1e+00, 1e+00]
  RHS range        [1e+00, 4e+03]
Found heuristic solution: objective 2.90694e+06
Presolve removed 54 rows and 25 columns
Presolve time: 0.00s
Presolved: 45 rows, 63 columns, 124 nonzeros
Variable types: 37 continuous, 26 integer (26 binary)

Root relaxation: objective 2.412315e+06, 42 iterations, 0.00 seconds

    Nodes    |    Current Node    |     Objective Bounds      |     Work
 Expl Unexpl |  Obj  Depth IntInf | Incumbent    BestBd   Gap | It/Node Time

     0     0 2412315.20    0   10 2906940.00 2412315.20  17.0%     -    0s
H    0     0                    2459125.0000 2412315.20  1.90%     -    0s
H    0     0                    2449425.0000 2412315.20  1.52%     -    0s
     0     0 2430136.61    0    6 2449425.00 2430136.61  0.79%     -    0s
     0     0 2442845.45    0    5 2449425.00 2442845.45  0.27%     -    0s
     0     0 2442845.45    0    5 2449425.00 2442845.45  0.27%     -    0s
     0     0 2442845.45    0    6 2449425.00 2442845.45  0.27%     -    0s
     0     0 2442845.45    0    6 2449425.00 2442845.45  0.27%     -    0s
     0     0 2443327.09    0    2 2449425.00 2443327.09  0.25%     -    0s
     0     0 2447682.46    0    3 2449425.00 2447682.46  0.07%     -    0s
     0     0 2447682.46    0    4 2449425.00 2447682.46  0.07%     -    0s
     0     0 2447682.46    0    1 2449425.00 2447682.46  0.07%     -    0s
     0     0     cutoff    0      2449425.00 2449425.00  0.00%     -    0s

Cutting planes:
  Gomory: 3
  Cover: 1
  Implied bound: 2
  Clique: 1
  MIR: 1
  Flow cover: 1

Explored 1 nodes (103 simplex iterations) in 0.03 seconds
Thread count was 8 (of 8 available processors)

Solution count 3: 2.44943e+06 2.45913e+06 2.90694e+06 

Optimal solution found (tolerance 1.00e-04)
Best objective 2.449425000000e+06, best bound 2.449425000000e+06, gap 0.0000%

Gurobi 7.5.1 (win64, Python) logging started 08/18/17 10:19:36

Optimize a model with 99 rows, 88 columns and 240 nonzeros
Variable types: 48 continuous, 40 integer (40 binary)
Coefficient statistics:
  Matrix range     [1e+00, 8e+03]
  Objective range  [2e+00, 3e+04]
  Bounds range     [1e+00, 1e+00]
  RHS range        [1e+00, 4e+03]
Found heuristic solution: objective 2.68695e+06
Presolve removed 49 rows and 17 columns
Presolve time: 0.00s
Presolved: 50 rows, 71 columns, 139 nonzeros
Variable types: 37 continuous, 34 integer (34 binary)

Root relaxation: objective 2.399727e+06, 44 iterations, 0.00 seconds

    Nodes    |    Current Node    |     Objective Bounds      |     Work
 Expl Unexpl |  Obj  Depth IntInf | Incumbent    BestBd   Gap | It/Node Time

     0     0 2399727.48    0   12 2686950.00 2399727.48  10.7%     -    0s
H    0     0                    2443125.0000 2399727.48  1.78%     -    0s
H    0     0                    2441425.0000 2399727.48  1.71%     -    0s
     0     0 2423512.11    0    7 2441425.00 2423512.11  0.73%     -    0s
     0     0 2424752.80    0    6 2441425.00 2424752.80  0.68%     -    0s
     0     0 2428803.10    0    4 2441425.00 2428803.10  0.52%     -    0s
     0     0 2428803.10    0    7 2441425.00 2428803.10  0.52%     -    0s
     0     0 2428803.10    0    3 2441425.00 2428803.10  0.52%     -    0s
     0     0 2435787.56    0    3 2441425.00 2435787.56  0.23%     -    0s
     0     0 2435787.56    0    3 2441425.00 2435787.56  0.23%     -    0s
     0     0 2435787.56    0    1 2441425.00 2435787.56  0.23%     -    0s

Cutting planes:
  Gomory: 2
  Cover: 1
  Implied bound: 2
  MIR: 1
  Flow cover: 1

Explored 1 nodes (115 simplex iterations) in 0.03 seconds
Thread count was 8 (of 8 available processors)

Solution count 3: 2.44143e+06 2.44313e+06 2.68695e+06 
No other solutions better than 2.44143e+06

Optimal solution found (tolerance 1.00e-04)
Best objective 2.441425000000e+06, best bound 2.441425000000e+06, gap 0.0000%

Gurobi 7.5.1 (win64, Python) logging started 08/18/17 10:21:01

Optimize a model with 91 rows, 88 columns and 224 nonzeros
Variable types: 48 continuous, 40 integer (40 binary)
Coefficient statistics:
  Matrix range     [1e+00, 8e+03]
  Objective range  [2e+00, 3e+04]
  Bounds range     [1e+00, 1e+00]
  RHS range        [4e+02, 4e+03]
Found heuristic solution: objective 2.82533e+06
Presolve removed 46 rows and 14 columns
Presolve time: 0.00s
Presolved: 45 rows, 74 columns, 132 nonzeros
Variable types: 37 continuous, 37 integer (37 binary)

Root relaxation: objective 2.336681e+06, 37 iterations, 0.00 seconds

    Nodes    |    Current Node    |     Objective Bounds      |     Work
 Expl Unexpl |  Obj  Depth IntInf | Incumbent    BestBd   Gap | It/Node Time

     0     0 2336680.94    0   11 2825330.00 2336680.94  17.3%     -    0s
H    0     0                    2434945.0000 2336680.94  4.04%     -    0s
H    0     0                    2420645.0000 2336680.94  3.47%     -    0s
H    0     0                    2416620.0000 2336680.94  3.31%     -    0s
H    0     0                    2399815.0000 2336680.94  2.63%     -    0s
     0     0 2383174.67    0    4 2399815.00 2383174.67  0.69%     -    0s
     0     0 2384942.40    0    2 2399815.00 2384942.40  0.62%     -    0s
     0     0 2385430.76    0    3 2399815.00 2385430.76  0.60%     -    0s
     0     0 2398719.51    0    2 2399815.00 2398719.51  0.05%     -    0s
     0     0 2398719.51    0    5 2399815.00 2398719.51  0.05%     -    0s
     0     0 2398719.51    0    1 2399815.00 2398719.51  0.05%     -    0s
     0     0     cutoff    0      2399815.00 2399815.00  0.00%     -    0s

Cutting planes:
  Gomory: 1
  Cover: 2
  MIR: 2
  Flow cover: 1

Explored 1 nodes (85 simplex iterations) in 0.02 seconds
Thread count was 8 (of 8 available processors)

Solution count 5: 2.39982e+06 2.41662e+06 2.42064e+06 ... 2.82533e+06

Optimal solution found (tolerance 1.00e-04)
Best objective 2.399815000000e+06, best bound 2.399815000000e+06, gap 0.0000%

Gurobi 7.5.1 (win64, Python) logging started 08/18/17 10:26:09

Optimize a model with 91 rows, 88 columns and 224 nonzeros
Coefficient statistics:
  Matrix range     [1e+00, 8e+03]
  Objective range  [2e+00, 3e+04]
  Bounds range     [0e+00, 0e+00]
  RHS range        [4e+02, 4e+03]
Presolve removed 66 rows and 48 columns
Presolve time: 0.00s
Presolved: 25 rows, 40 columns, 99 nonzeros

Iteration    Objective       Primal Inf.    Dual Inf.      Time
       0    7.4252000e+05   3.034688e+03   0.000000e+00      0s
      18    2.2836700e+06   0.000000e+00   0.000000e+00      0s

Solved in 18 iterations and 0.00 seconds
Optimal objective  2.283670000e+06

Gurobi 7.5.1 (win64, Python) logging started 08/18/17 10:26:32

Optimize a model with 99 rows, 88 columns and 240 nonzeros
Coefficient statistics:
  Matrix range     [1e+00, 8e+03]
  Objective range  [2e+00, 3e+04]
  Bounds range     [0e+00, 0e+00]
  RHS range        [1e+00, 4e+03]
Presolve removed 59 rows and 35 columns
Presolve time: 0.00s
Presolved: 40 rows, 53 columns, 148 nonzeros

Iteration    Objective       Primal Inf.    Dual Inf.      Time
       0    1.5549500e+05   3.953125e+03   0.000000e+00      0s
      34    2.3358500e+06   0.000000e+00   0.000000e+00      0s

Solved in 34 iterations and 0.00 seconds
Optimal objective  2.335850000e+06

Gurobi 7.5.1 (win64, Python) logging started 08/18/17 10:28:35

Optimize a model with 99 rows, 88 columns and 240 nonzeros
Coefficient statistics:
  Matrix range     [1e+00, 8e+03]
  Objective range  [2e+00, 3e+04]
  Bounds range     [0e+00, 0e+00]
  RHS range        [1e+00, 4e+03]
Presolve removed 59 rows and 35 columns
Presolve time: 0.00s
Presolved: 40 rows, 53 columns, 148 nonzeros

Iteration    Objective       Primal Inf.    Dual Inf.      Time
       0    1.5549500e+05   3.953125e+03   0.000000e+00      0s
      34    2.3358500e+06   0.000000e+00   0.000000e+00      0s

Solved in 34 iterations and 0.00 seconds
Optimal objective  2.335850000e+06

Gurobi 7.5.1 (win64, Python) logging started 08/18/17 10:28:59

Optimize a model with 99 rows, 88 columns and 240 nonzeros
Variable types: 48 continuous, 40 integer (40 binary)
Coefficient statistics:
  Matrix range     [1e+00, 8e+03]
  Objective range  [2e+00, 3e+04]
  Bounds range     [1e+00, 1e+00]
  RHS range        [1e+00, 4e+03]
Found heuristic solution: objective 2.68695e+06
Presolve removed 49 rows and 17 columns
Presolve time: 0.00s
Presolved: 50 rows, 71 columns, 139 nonzeros
Variable types: 37 continuous, 34 integer (34 binary)

Root relaxation: objective 2.399727e+06, 44 iterations, 0.00 seconds

    Nodes    |    Current Node    |     Objective Bounds      |     Work
 Expl Unexpl |  Obj  Depth IntInf | Incumbent    BestBd   Gap | It/Node Time

     0     0 2399727.48    0   12 2686950.00 2399727.48  10.7%     -    0s
H    0     0                    2443125.0000 2399727.48  1.78%     -    0s
H    0     0                    2441425.0000 2399727.48  1.71%     -    0s
     0     0 2423512.11    0    7 2441425.00 2423512.11  0.73%     -    0s
     0     0 2424752.80    0    6 2441425.00 2424752.80  0.68%     -    0s
     0     0 2428803.10    0    4 2441425.00 2428803.10  0.52%     -    0s
     0     0 2428803.10    0    7 2441425.00 2428803.10  0.52%     -    0s
     0     0 2428803.10    0    3 2441425.00 2428803.10  0.52%     -    0s
     0     0 2435787.56    0    3 2441425.00 2435787.56  0.23%     -    0s
     0     0 2435787.56    0    3 2441425.00 2435787.56  0.23%     -    0s
     0     0 2435787.56    0    1 2441425.00 2435787.56  0.23%     -    0s

Cutting planes:
  Gomory: 2
  Cover: 1
  Implied bound: 2
  MIR: 1
  Flow cover: 1

Explored 1 nodes (115 simplex iterations) in 0.02 seconds
Thread count was 8 (of 8 available processors)

Solution count 3: 2.44143e+06 2.44313e+06 2.68695e+06 
No other solutions better than 2.44143e+06

Optimal solution found (tolerance 1.00e-04)
Best objective 2.441425000000e+06, best bound 2.441425000000e+06, gap 0.0000%

Gurobi 7.5.1 (win64, Python) logging started 08/18/17 10:50:14


Gurobi 7.5.1 (win64, Python) logging started 08/18/17 10:51:34


Gurobi 7.5.1 (win64, Python) logging started 08/18/17 10:51:45


Gurobi 7.5.1 (win64, Python) logging started 08/18/17 10:52:04


Gurobi 7.5.1 (win64, Python) logging started 08/18/17 10:52:12


Gurobi 7.5.1 (win64, Python) logging started 08/18/17 10:52:17


Gurobi 7.5.1 (win64, Python) logging started 08/18/17 10:52:23


Gurobi 7.5.1 (win64, Python) logging started 08/18/17 10:52:35


Gurobi 7.5.1 (win64, Python) logging started 08/18/17 10:52:55


Gurobi 7.5.1 (win64, Python) logging started 08/18/17 10:53:05


Gurobi 7.5.1 (win64, Python) logging started 08/18/17 10:53:12


Gurobi 7.5.1 (win64, Python) logging started 08/18/17 10:53:23

Optimize a model with 150 rows, 136 columns and 336 nonzeros
Variable types: 96 continuous, 40 integer (40 binary)
Coefficient statistics:
  Matrix range     [1e+00, 8e+03]
  Objective range  [2e+00, 3e+04]
  Bounds range     [1e+00, 1e+00]
  RHS range        [1e+00, 4e+03]
Found heuristic solution: objective 4.0675e+06
Presolve removed 100 rows and 65 columns
Presolve time: 0.00s
Presolved: 50 rows, 71 columns, 139 nonzeros
Found heuristic solution: objective 3804225.0000
Variable types: 37 continuous, 34 integer (34 binary)

Root relaxation: objective 3.158382e+06, 44 iterations, 0.00 seconds

    Nodes    |    Current Node    |     Objective Bounds      |     Work
 Expl Unexpl |  Obj  Depth IntInf | Incumbent    BestBd   Gap | It/Node Time

     0     0 3158382.48    0   12 3804225.00 3158382.48  17.0%     -    0s
H    0     0                    3201780.0000 3158382.48  1.36%     -    0s
H    0     0                    3200080.0000 3158382.48  1.30%     -    0s
     0     0 3182167.11    0    7 3200080.00 3182167.11  0.56%     -    0s
     0     0 3183407.80    0    6 3200080.00 3183407.80  0.52%     -    0s
     0     0 3187458.10    0    4 3200080.00 3187458.10  0.39%     -    0s
     0     0 3187458.10    0    7 3200080.00 3187458.10  0.39%     -    0s
     0     0 3187458.10    0    3 3200080.00 3187458.10  0.39%     -    0s
     0     0 3194442.56    0    3 3200080.00 3194442.56  0.18%     -    0s
     0     0 3194442.56    0    3 3200080.00 3194442.56  0.18%     -    0s
     0     0 3194442.56    0    1 3200080.00 3194442.56  0.18%     -    0s

Cutting planes:
  Gomory: 2
  Cover: 1
  Implied bound: 2
  MIR: 1
  Flow cover: 1

Explored 1 nodes (115 simplex iterations) in 0.03 seconds
Thread count was 8 (of 8 available processors)

Solution count 4: 3.20008e+06 3.20178e+06 3.80423e+06 3.83623e+06 
No other solutions better than 3.20008e+06

Optimal solution found (tolerance 1.00e-04)
Best objective 3.200080000000e+06, best bound 3.200080000000e+06, gap 0.0000%

Gurobi 7.5.1 (win64, Python) logging started 08/18/17 10:53:53

Optimize a model with 150 rows, 136 columns and 336 nonzeros
Variable types: 96 continuous, 40 integer (40 binary)
Coefficient statistics:
  Matrix range     [1e+00, 8e+03]
  Objective range  [2e+00, 3e+04]
  Bounds range     [1e+00, 1e+00]
  RHS range        [1e+00, 4e+03]
Found heuristic solution: objective 4.0675e+06
Presolve removed 100 rows and 65 columns
Presolve time: 0.00s
Presolved: 50 rows, 71 columns, 139 nonzeros
Found heuristic solution: objective 3804225.0000
Variable types: 37 continuous, 34 integer (34 binary)

Root relaxation: objective 3.158382e+06, 44 iterations, 0.00 seconds

    Nodes    |    Current Node    |     Objective Bounds      |     Work
 Expl Unexpl |  Obj  Depth IntInf | Incumbent    BestBd   Gap | It/Node Time

     0     0 3158382.48    0   12 3804225.00 3158382.48  17.0%     -    0s
H    0     0                    3201780.0000 3158382.48  1.36%     -    0s
H    0     0                    3200080.0000 3158382.48  1.30%     -    0s
     0     0 3182167.11    0    7 3200080.00 3182167.11  0.56%     -    0s
     0     0 3183407.80    0    6 3200080.00 3183407.80  0.52%     -    0s
     0     0 3187458.10    0    4 3200080.00 3187458.10  0.39%     -    0s
     0     0 3187458.10    0    7 3200080.00 3187458.10  0.39%     -    0s
     0     0 3187458.10    0    3 3200080.00 3187458.10  0.39%     -    0s
     0     0 3194442.56    0    3 3200080.00 3194442.56  0.18%     -    0s
     0     0 3194442.56    0    3 3200080.00 3194442.56  0.18%     -    0s
     0     0 3194442.56    0    1 3200080.00 3194442.56  0.18%     -    0s

Cutting planes:
  Gomory: 2
  Cover: 1
  Implied bound: 2
  MIR: 1
  Flow cover: 1

Explored 1 nodes (115 simplex iterations) in 0.03 seconds
Thread count was 8 (of 8 available processors)

Solution count 4: 3.20008e+06 3.20178e+06 3.80423e+06 3.83623e+06 
No other solutions better than 3.20008e+06

Optimal solution found (tolerance 1.00e-04)
Best objective 3.200080000000e+06, best bound 3.200080000000e+06, gap 0.0000%

Gurobi 7.5.1 (win64, Python) logging started 08/18/17 10:59:12

Optimize a model with 150 rows, 136 columns and 408 nonzeros
Variable types: 96 continuous, 40 integer (40 binary)
Coefficient statistics:
  Matrix range     [1e+00, 8e+03]
  Objective range  [2e+00, 3e+04]
  Bounds range     [1e+00, 1e+00]
  RHS range        [1e+00, 4e+03]
Found heuristic solution: objective 3.87998e+06
Presolve removed 82 rows and 26 columns
Presolve time: 0.00s
Presolved: 68 rows, 110 columns, 238 nonzeros
Variable types: 76 continuous, 34 integer (34 binary)

Root relaxation: objective 3.199049e+06, 92 iterations, 0.00 seconds

    Nodes    |    Current Node    |     Objective Bounds      |     Work
 Expl Unexpl |  Obj  Depth IntInf | Incumbent    BestBd   Gap | It/Node Time

     0     0 3199049.36    0   22 3879975.00 3199049.36  17.5%     -    0s
H    0     0                    3329700.0000 3199049.36  3.92%     -    0s
H    0     0                    3317727.5000 3199049.36  3.58%     -    0s
H    0     0                    3313727.5000 3199049.36  3.46%     -    0s
H    0     0                    3310952.5000 3199049.36  3.38%     -    0s
H    0     0                    3309445.0000 3199049.36  3.34%     -    0s
     0     0 3275371.64    0   11 3309445.00 3275371.64  1.03%     -    0s
     0     0 3278602.97    0   12 3309445.00 3278602.97  0.93%     -    0s
H    0     0                    3304882.5000 3278602.97  0.80%     -    0s
H    0     0                    3298840.0000 3278602.97  0.61%     -    0s
     0     0 3279398.39    0   12 3298840.00 3279398.39  0.59%     -    0s
     0     0 3279702.01    0   10 3298840.00 3279702.01  0.58%     -    0s
     0     0 3279717.88    0   11 3298840.00 3279717.88  0.58%     -    0s
H    0     0                    3296165.0000 3279717.88  0.50%     -    0s
     0     0 3282174.50    0   11 3296165.00 3282174.50  0.42%     -    0s
     0     0 3282811.97    0   10 3296165.00 3282811.97  0.41%     -    0s
     0     0 3282819.05    0   11 3296165.00 3282819.05  0.40%     -    0s
     0     0 3283090.91    0   12 3296165.00 3283090.91  0.40%     -    0s
H    0     0                    3290532.1067 3283090.91  0.23%     -    0s
     0     0 3283090.91    0   11 3290532.11 3283090.91  0.23%     -    0s
H    0     0                    3288552.5000 3283090.91  0.17%     -    0s
     0     0 3283090.91    0    9 3288552.50 3283090.91  0.17%     -    0s
     0     0 3284939.82    0    9 3288552.50 3284939.82  0.11%     -    0s
     0     0 3284939.82    0   10 3288552.50 3284939.82  0.11%     -    0s
     0     0 3285141.02    0   10 3288552.50 3285141.02  0.10%     -    0s
     0     0 3287471.54    0    6 3288552.50 3287471.54  0.03%     -    0s
     0     0 3288043.65    0    4 3288552.50 3288043.65  0.02%     -    0s
     0     0 3288181.74    0    4 3288552.50 3288181.74  0.01%     -    0s
     0     0 3288181.74    0    4 3288552.50 3288181.74  0.01%     -    0s
     0     0     cutoff    0      3288552.50 3288552.50  0.00%     -    0s

Cutting planes:
  Gomory: 1
  Cover: 3
  Implied bound: 3
  MIR: 6
  Flow cover: 7

Explored 1 nodes (324 simplex iterations) in 0.04 seconds
Thread count was 8 (of 8 available processors)

Solution count 10: 3.28855e+06 3.29053e+06 3.29616e+06 ... 3.3297e+06

Optimal solution found (tolerance 1.00e-04)
Best objective 3.288552500000e+06, best bound 3.288552500000e+06, gap 0.0000%

Gurobi 7.5.1 (win64, Python) logging started 08/18/17 12:21:27


Gurobi 7.5.1 (win64, Python) logging started 08/18/17 12:22:29


Gurobi 7.5.1 (win64, Python) logging started 08/18/17 12:24:58

Optimize a model with 590 rows, 552 columns and 1720 nonzeros
Variable types: 304 continuous, 248 integer (248 binary)
Coefficient statistics:
  Matrix range     [1e+00, 8e+03]
  Objective range  [2e+00, 3e+04]
  Bounds range     [1e+00, 1e+00]
  RHS range        [1e+00, 4e+03]
Presolve removed 130 rows and 66 columns
Presolve time: 0.01s
Presolved: 460 rows, 486 columns, 1632 nonzeros
Variable types: 284 continuous, 202 integer (202 binary)

Root relaxation: infeasible, 485 iterations, 0.00 seconds

    Nodes    |    Current Node    |     Objective Bounds      |     Work
 Expl Unexpl |  Obj  Depth IntInf | Incumbent    BestBd   Gap | It/Node Time

     0     0 infeasible    0               - infeasible      -     -    0s

Explored 0 nodes (485 simplex iterations) in 0.02 seconds
Thread count was 8 (of 8 available processors)

Solution count 0

Model is infeasible
Best objective -, best bound -, gap -

Gurobi 7.5.1 (win64, Python) logging started 08/18/17 12:26:23

Optimize a model with 486 rows, 552 columns and 1720 nonzeros
Variable types: 304 continuous, 248 integer (248 binary)
Coefficient statistics:
  Matrix range     [1e+00, 8e+03]
  Objective range  [2e+00, 3e+04]
  Bounds range     [1e+00, 1e+00]
  RHS range        [1e+00, 4e+03]
Presolve removed 330 rows and 306 columns
Presolve time: 0.00s
Presolved: 156 rows, 246 columns, 576 nonzeros
Variable types: 148 continuous, 98 integer (98 binary)

Root relaxation: infeasible, 240 iterations, 0.00 seconds

    Nodes    |    Current Node    |     Objective Bounds      |     Work
 Expl Unexpl |  Obj  Depth IntInf | Incumbent    BestBd   Gap | It/Node Time

     0     0 infeasible    0               - infeasible      -     -    0s

Explored 0 nodes (240 simplex iterations) in 0.01 seconds
Thread count was 8 (of 8 available processors)

Solution count 0

Model is infeasible
Best objective -, best bound -, gap -

Gurobi 7.5.1 (win64, Python) logging started 08/18/17 16:09:02


Gurobi 7.5.1 (win64, Python) logging started 08/18/17 16:09:39


Gurobi 7.5.1 (win64, Python) logging started 08/18/17 16:10:43


Gurobi 7.5.1 (win64, Python) logging started 08/18/17 16:12:33


Gurobi 7.5.1 (win64, Python) logging started 08/18/17 16:22:10


Gurobi 7.5.1 (win64, Python) logging started 08/18/17 16:23:01


Gurobi 7.5.1 (win64, Python) logging started 08/18/17 16:24:55


Gurobi 7.5.1 (win64, Python) logging started 08/18/17 16:25:10


Gurobi 7.5.1 (win64, Python) logging started 08/18/17 16:25:25

Optimize a model with 694 rows, 552 columns and 1720 nonzeros
Variable types: 304 continuous, 248 integer (248 binary)
Coefficient statistics:
  Matrix range     [1e+00, 8e+03]
  Objective range  [2e+00, 3e+04]
  Bounds range     [1e+00, 1e+00]
  RHS range        [1e+00, 4e+03]
Presolve removed 410 rows and 130 columns
Presolve time: 0.01s
Presolved: 284 rows, 422 columns, 1016 nonzeros
Variable types: 284 continuous, 138 integer (138 binary)

Root relaxation: objective 3.199049e+06, 340 iterations, 0.00 seconds

    Nodes    |    Current Node    |     Objective Bounds      |     Work
 Expl Unexpl |  Obj  Depth IntInf | Incumbent    BestBd   Gap | It/Node Time

     0     0 3199049.36    0   27          - 3199049.36      -     -    0s
H    0     0                    3325285.0000 3199049.36  3.80%     -    0s
H    0     0                    3313727.5000 3199049.36  3.46%     -    0s
H    0     0                    3307840.0000 3206802.01  3.05%     -    0s
     0     0 3275422.31    0   17 3307840.00 3275422.31  0.98%     -    0s
     0     0 3278162.17    0   16 3307840.00 3278162.17  0.90%     -    0s
     0     0 3279390.36    0   15 3307840.00 3279390.36  0.86%     -    0s
     0     0 3279573.48    0   18 3307840.00 3279573.48  0.85%     -    0s
     0     0 3279614.12    0   14 3307840.00 3279614.12  0.85%     -    0s
H    0     0                    3304882.5000 3279614.12  0.76%     -    0s
     0     0 3279650.67    0   14 3304882.50 3279650.67  0.76%     -    0s
     0     0 3281750.94    0   17 3304882.50 3281750.94  0.70%     -    0s
H    0     0                    3289580.0000 3281750.94  0.24%     -    0s
     0     0 3282302.75    0   19 3289580.00 3282302.75  0.22%     -    0s
     0     0 3282625.26    0   12 3289580.00 3282625.26  0.21%     -    0s
     0     0 3282832.57    0   12 3289580.00 3282832.57  0.21%     -    0s
     0     0 3282832.57    0   10 3289580.00 3282832.57  0.21%     -    0s
H    0     0                    3288552.5000 3282832.57  0.17%     -    0s
     0     0 3284229.00    0   16 3288552.50 3284229.00  0.13%     -    0s
     0     0 3287890.68    0   10 3288552.50 3287890.68  0.02%     -    0s
     0     0 3287890.68    0   11 3288552.50 3287890.68  0.02%     -    0s
     0     0 3287890.68    0   15 3288552.50 3287890.68  0.02%     -    0s
     0     0 3287890.68    0   16 3288552.50 3287890.68  0.02%     -    0s
     0     0 3287890.68    0    7 3288552.50 3287890.68  0.02%     -    0s
     0     0 3287923.25    0    4 3288552.50 3287923.25  0.02%     -    0s
     0     0     cutoff    0      3288552.50 3288552.50  0.00%     -    0s

Cutting planes:
  Gomory: 2
  Implied bound: 2
  MIR: 6
  Flow cover: 10

Explored 1 nodes (1336 simplex iterations) in 0.08 seconds
Thread count was 8 (of 8 available processors)

Solution count 6: 3.28855e+06 3.28958e+06 3.30488e+06 ... 3.32529e+06

Optimal solution found (tolerance 1.00e-04)
Best objective 3.288552500000e+06, best bound 3.288552500000e+06, gap 0.0000%

Gurobi 7.5.1 (win64, Python) logging started 08/18/17 16:28:05

Optimize a model with 694 rows, 552 columns and 1720 nonzeros
Variable types: 304 continuous, 248 integer (248 binary)
Coefficient statistics:
  Matrix range     [1e+00, 8e+03]
  Objective range  [2e+00, 3e+04]
  Bounds range     [1e+00, 1e+00]
  RHS range        [1e+00, 4e+03]
Presolve removed 410 rows and 130 columns
Presolve time: 0.01s
Presolved: 284 rows, 422 columns, 1016 nonzeros
Variable types: 284 continuous, 138 integer (138 binary)

Root relaxation: objective 3.199049e+06, 340 iterations, 0.00 seconds

    Nodes    |    Current Node    |     Objective Bounds      |     Work
 Expl Unexpl |  Obj  Depth IntInf | Incumbent    BestBd   Gap | It/Node Time

     0     0 3199049.36    0   27          - 3199049.36      -     -    0s
H    0     0                    3325285.0000 3199049.36  3.80%     -    0s
H    0     0                    3313727.5000 3199049.36  3.46%     -    0s
H    0     0                    3307840.0000 3206802.01  3.05%     -    0s
     0     0 3275422.31    0   17 3307840.00 3275422.31  0.98%     -    0s
     0     0 3278162.17    0   16 3307840.00 3278162.17  0.90%     -    0s
     0     0 3279390.36    0   15 3307840.00 3279390.36  0.86%     -    0s
     0     0 3279573.48    0   18 3307840.00 3279573.48  0.85%     -    0s
     0     0 3279614.12    0   14 3307840.00 3279614.12  0.85%     -    0s
H    0     0                    3304882.5000 3279614.12  0.76%     -    0s
     0     0 3279650.67    0   14 3304882.50 3279650.67  0.76%     -    0s
     0     0 3281750.94    0   17 3304882.50 3281750.94  0.70%     -    0s
H    0     0                    3289580.0000 3281750.94  0.24%     -    0s
     0     0 3282302.75    0   19 3289580.00 3282302.75  0.22%     -    0s
     0     0 3282625.26    0   12 3289580.00 3282625.26  0.21%     -    0s
     0     0 3282832.57    0   12 3289580.00 3282832.57  0.21%     -    0s
     0     0 3282832.57    0   10 3289580.00 3282832.57  0.21%     -    0s
H    0     0                    3288552.5000 3282832.57  0.17%     -    0s
     0     0 3284229.00    0   16 3288552.50 3284229.00  0.13%     -    0s
     0     0 3287890.68    0   10 3288552.50 3287890.68  0.02%     -    0s
     0     0 3287890.68    0   11 3288552.50 3287890.68  0.02%     -    0s
     0     0 3287890.68    0   15 3288552.50 3287890.68  0.02%     -    0s
     0     0 3287890.68    0   16 3288552.50 3287890.68  0.02%     -    0s
     0     0 3287890.68    0    7 3288552.50 3287890.68  0.02%     -    0s
     0     0 3287923.25    0    4 3288552.50 3287923.25  0.02%     -    0s
     0     0     cutoff    0      3288552.50 3288552.50  0.00%     -    0s

Cutting planes:
  Gomory: 2
  Implied bound: 2
  MIR: 6
  Flow cover: 10

Explored 1 nodes (1336 simplex iterations) in 0.08 seconds
Thread count was 8 (of 8 available processors)

Solution count 6: 3.28855e+06 3.28958e+06 3.30488e+06 ... 3.32529e+06

Optimal solution found (tolerance 1.00e-04)
Best objective 3.288552500000e+06, best bound 3.288552500000e+06, gap 0.0000%

Gurobi 7.5.1 (win64, Python) logging started 08/18/17 16:36:13

Optimize a model with 694 rows, 552 columns and 1720 nonzeros
Variable types: 304 continuous, 248 integer (248 binary)
Coefficient statistics:
  Matrix range     [1e+00, 8e+03]
  Objective range  [2e+00, 3e+04]
  Bounds range     [1e+00, 1e+00]
  RHS range        [1e+00, 4e+03]
Presolve removed 410 rows and 130 columns
Presolve time: 0.00s
Presolved: 284 rows, 422 columns, 1016 nonzeros
Variable types: 284 continuous, 138 integer (138 binary)

Root relaxation: objective 3.199049e+06, 340 iterations, 0.00 seconds

    Nodes    |    Current Node    |     Objective Bounds      |     Work
 Expl Unexpl |  Obj  Depth IntInf | Incumbent    BestBd   Gap | It/Node Time

     0     0 3199049.36    0   27          - 3199049.36      -     -    0s
H    0     0                    3325285.0000 3199049.36  3.80%     -    0s
H    0     0                    3313727.5000 3199049.36  3.46%     -    0s
H    0     0                    3307840.0000 3206802.01  3.05%     -    0s
     0     0 3275422.31    0   17 3307840.00 3275422.31  0.98%     -    0s
     0     0 3278162.17    0   16 3307840.00 3278162.17  0.90%     -    0s
     0     0 3279390.36    0   15 3307840.00 3279390.36  0.86%     -    0s
     0     0 3279573.48    0   18 3307840.00 3279573.48  0.85%     -    0s
     0     0 3279614.12    0   14 3307840.00 3279614.12  0.85%     -    0s
H    0     0                    3304882.5000 3279614.12  0.76%     -    0s
     0     0 3279650.67    0   14 3304882.50 3279650.67  0.76%     -    0s
     0     0 3281750.94    0   17 3304882.50 3281750.94  0.70%     -    0s
H    0     0                    3289580.0000 3281750.94  0.24%     -    0s
     0     0 3282302.75    0   19 3289580.00 3282302.75  0.22%     -    0s
     0     0 3282625.26    0   12 3289580.00 3282625.26  0.21%     -    0s
     0     0 3282832.57    0   12 3289580.00 3282832.57  0.21%     -    0s
     0     0 3282832.57    0   10 3289580.00 3282832.57  0.21%     -    0s
H    0     0                    3288552.5000 3282832.57  0.17%     -    0s
     0     0 3284229.00    0   16 3288552.50 3284229.00  0.13%     -    0s
     0     0 3287890.68    0   10 3288552.50 3287890.68  0.02%     -    0s
     0     0 3287890.68    0   11 3288552.50 3287890.68  0.02%     -    0s
     0     0 3287890.68    0   15 3288552.50 3287890.68  0.02%     -    0s
     0     0 3287890.68    0   16 3288552.50 3287890.68  0.02%     -    0s
     0     0 3287890.68    0    7 3288552.50 3287890.68  0.02%     -    0s
     0     0 3287923.25    0    4 3288552.50 3287923.25  0.02%     -    0s
     0     0     cutoff    0      3288552.50 3288552.50  0.00%     -    0s

Cutting planes:
  Gomory: 2
  Implied bound: 2
  MIR: 6
  Flow cover: 10

Explored 1 nodes (1336 simplex iterations) in 0.08 seconds
Thread count was 8 (of 8 available processors)

Solution count 6: 3.28855e+06 3.28958e+06 3.30488e+06 ... 3.32529e+06

Optimal solution found (tolerance 1.00e-04)
Best objective 3.288552500000e+06, best bound 3.288552500000e+06, gap 0.0000%

Gurobi 7.5.1 (win64, Python) logging started 08/18/17 16:53:46

Optimize a model with 702 rows, 552 columns and 1768 nonzeros
Variable types: 304 continuous, 248 integer (248 binary)
Coefficient statistics:
  Matrix range     [1e+00, 8e+03]
  Objective range  [2e+00, 3e+04]
  Bounds range     [1e+00, 1e+00]
  RHS range        [1e+00, 4e+03]
Presolve removed 407 rows and 136 columns
Presolve time: 0.00s

Explored 0 nodes (0 simplex iterations) in 0.01 seconds
Thread count was 1 (of 8 available processors)

Solution count 0

Model is infeasible
Best objective -, best bound -, gap -

Gurobi 7.5.1 (win64, Python) logging started 08/18/17 17:22:11

Optimize a model with 694 rows, 552 columns and 1720 nonzeros
Variable types: 304 continuous, 248 integer (248 binary)
Coefficient statistics:
  Matrix range     [1e+00, 8e+03]
  Objective range  [2e+00, 3e+04]
  Bounds range     [1e+00, 1e+00]
  RHS range        [1e+00, 4e+03]
Presolve removed 410 rows and 130 columns
Presolve time: 0.01s
Presolved: 284 rows, 422 columns, 1016 nonzeros
Variable types: 284 continuous, 138 integer (138 binary)

Root relaxation: objective 3.199049e+06, 340 iterations, 0.00 seconds

    Nodes    |    Current Node    |     Objective Bounds      |     Work
 Expl Unexpl |  Obj  Depth IntInf | Incumbent    BestBd   Gap | It/Node Time

     0     0 3199049.36    0   27          - 3199049.36      -     -    0s
H    0     0                    3325285.0000 3199049.36  3.80%     -    0s
H    0     0                    3313727.5000 3199049.36  3.46%     -    0s
H    0     0                    3307840.0000 3206802.01  3.05%     -    0s
     0     0 3275422.31    0   17 3307840.00 3275422.31  0.98%     -    0s
     0     0 3278162.17    0   16 3307840.00 3278162.17  0.90%     -    0s
     0     0 3279390.36    0   15 3307840.00 3279390.36  0.86%     -    0s
     0     0 3279573.48    0   18 3307840.00 3279573.48  0.85%     -    0s
     0     0 3279614.12    0   14 3307840.00 3279614.12  0.85%     -    0s
H    0     0                    3304882.5000 3279614.12  0.76%     -    0s
     0     0 3279650.67    0   14 3304882.50 3279650.67  0.76%     -    0s
     0     0 3281750.94    0   17 3304882.50 3281750.94  0.70%     -    0s
H    0     0                    3289580.0000 3281750.94  0.24%     -    0s
     0     0 3282302.75    0   19 3289580.00 3282302.75  0.22%     -    0s
     0     0 3282625.26    0   12 3289580.00 3282625.26  0.21%     -    0s
     0     0 3282832.57    0   12 3289580.00 3282832.57  0.21%     -    0s
     0     0 3282832.57    0   10 3289580.00 3282832.57  0.21%     -    0s
H    0     0                    3288552.5000 3282832.57  0.17%     -    0s
     0     0 3284229.00    0   16 3288552.50 3284229.00  0.13%     -    0s
     0     0 3287890.68    0   10 3288552.50 3287890.68  0.02%     -    0s
     0     0 3287890.68    0   11 3288552.50 3287890.68  0.02%     -    0s
     0     0 3287890.68    0   15 3288552.50 3287890.68  0.02%     -    0s
     0     0 3287890.68    0   16 3288552.50 3287890.68  0.02%     -    0s
     0     0 3287890.68    0    7 3288552.50 3287890.68  0.02%     -    0s
     0     0 3287923.25    0    4 3288552.50 3287923.25  0.02%     -    0s
     0     0     cutoff    0      3288552.50 3288552.50  0.00%     -    0s

Cutting planes:
  Gomory: 2
  Implied bound: 2
  MIR: 6
  Flow cover: 10

Explored 1 nodes (1336 simplex iterations) in 0.08 seconds
Thread count was 8 (of 8 available processors)

Solution count 6: 3.28855e+06 3.28958e+06 3.30488e+06 ... 3.32529e+06

Optimal solution found (tolerance 1.00e-04)
Best objective 3.288552500000e+06, best bound 3.288552500000e+06, gap 0.0000%

Gurobi 7.5.1 (win64, Python) logging started 08/18/17 17:27:09

Optimize a model with 694 rows, 552 columns and 1720 nonzeros
Variable types: 304 continuous, 248 integer (248 binary)
Coefficient statistics:
  Matrix range     [1e+00, 8e+03]
  Objective range  [2e+00, 3e+04]
  Bounds range     [1e+00, 1e+00]
  RHS range        [1e+00, 4e+03]
Presolve removed 410 rows and 130 columns
Presolve time: 0.01s
Presolved: 284 rows, 422 columns, 1016 nonzeros
Variable types: 284 continuous, 138 integer (138 binary)

Root relaxation: objective 3.199049e+06, 340 iterations, 0.00 seconds

    Nodes    |    Current Node    |     Objective Bounds      |     Work
 Expl Unexpl |  Obj  Depth IntInf | Incumbent    BestBd   Gap | It/Node Time

     0     0 3199049.36    0   27          - 3199049.36      -     -    0s
H    0     0                    3325285.0000 3199049.36  3.80%     -    0s
H    0     0                    3313727.5000 3199049.36  3.46%     -    0s
H    0     0                    3307840.0000 3206802.01  3.05%     -    0s
     0     0 3275422.31    0   17 3307840.00 3275422.31  0.98%     -    0s
     0     0 3278162.17    0   16 3307840.00 3278162.17  0.90%     -    0s
     0     0 3279390.36    0   15 3307840.00 3279390.36  0.86%     -    0s
     0     0 3279573.48    0   18 3307840.00 3279573.48  0.85%     -    0s
     0     0 3279614.12    0   14 3307840.00 3279614.12  0.85%     -    0s
H    0     0                    3304882.5000 3279614.12  0.76%     -    0s
     0     0 3279650.67    0   14 3304882.50 3279650.67  0.76%     -    0s
     0     0 3281750.94    0   17 3304882.50 3281750.94  0.70%     -    0s
H    0     0                    3289580.0000 3281750.94  0.24%     -    0s
     0     0 3282302.75    0   19 3289580.00 3282302.75  0.22%     -    0s
     0     0 3282625.26    0   12 3289580.00 3282625.26  0.21%     -    0s
     0     0 3282832.57    0   12 3289580.00 3282832.57  0.21%     -    0s
     0     0 3282832.57    0   10 3289580.00 3282832.57  0.21%     -    0s
H    0     0                    3288552.5000 3282832.57  0.17%     -    0s
     0     0 3284229.00    0   16 3288552.50 3284229.00  0.13%     -    0s
     0     0 3287890.68    0   10 3288552.50 3287890.68  0.02%     -    0s
     0     0 3287890.68    0   11 3288552.50 3287890.68  0.02%     -    0s
     0     0 3287890.68    0   15 3288552.50 3287890.68  0.02%     -    0s
     0     0 3287890.68    0   16 3288552.50 3287890.68  0.02%     -    0s
     0     0 3287890.68    0    7 3288552.50 3287890.68  0.02%     -    0s
     0     0 3287923.25    0    4 3288552.50 3287923.25  0.02%     -    0s
     0     0     cutoff    0      3288552.50 3288552.50  0.00%     -    0s

Cutting planes:
  Gomory: 2
  Implied bound: 2
  MIR: 6
  Flow cover: 10

Explored 1 nodes (1336 simplex iterations) in 0.08 seconds
Thread count was 8 (of 8 available processors)

Solution count 6: 3.28855e+06 3.28958e+06 3.30488e+06 ... 3.32529e+06

Optimal solution found (tolerance 1.00e-04)
Best objective 3.288552500000e+06, best bound 3.288552500000e+06, gap 0.0000%

Gurobi 7.5.1 (win64, Python) logging started 08/18/17 17:30:05

Optimize a model with 702 rows, 552 columns and 1720 nonzeros
Variable types: 304 continuous, 248 integer (248 binary)
Coefficient statistics:
  Matrix range     [1e+00, 8e+03]
  Objective range  [2e+00, 3e+04]
  Bounds range     [1e+00, 1e+00]
  RHS range        [1e+00, 4e+03]
Presolve removed 410 rows and 130 columns
Presolve time: 0.00s
Presolved: 292 rows, 422 columns, 1016 nonzeros
Variable types: 284 continuous, 138 integer (138 binary)

Root relaxation: objective 3.199049e+06, 276 iterations, 0.00 seconds

    Nodes    |    Current Node    |     Objective Bounds      |     Work
 Expl Unexpl |  Obj  Depth IntInf | Incumbent    BestBd   Gap | It/Node Time

     0     0 3199049.36    0   41          - 3199049.36      -     -    0s
H    0     0                    3961975.0000 3199049.36  19.3%     -    0s
H    0     0                    3784840.0000 3199049.36  15.5%     -    0s
H    0     0                    3364515.0000 3199049.36  4.92%     -    0s
     0     0 3275339.54    0   30 3364515.00 3275339.54  2.65%     -    0s
H    0     0                    3347937.5000 3275339.54  2.17%     -    0s
     0     0 3293119.57    0   30 3347937.50 3293119.57  1.64%     -    0s
     0     0 3294418.95    0   43 3347937.50 3294418.95  1.60%     -    0s
     0     0 3294527.62    0   29 3347937.50 3294527.62  1.60%     -    0s
     0     0 3296045.70    0   44 3347937.50 3296045.70  1.55%     -    0s
     0     0 3298017.69    0   44 3347937.50 3298017.69  1.49%     -    0s
     0     0 3298019.65    0   44 3347937.50 3298019.65  1.49%     -    0s
     0     0 3298500.15    0   48 3347937.50 3298500.15  1.48%     -    0s
     0     0 3298833.27    0   35 3347937.50 3298833.27  1.47%     -    0s
     0     0 3298836.54    0   48 3347937.50 3298836.54  1.47%     -    0s
     0     0 3298939.14    0   44 3347937.50 3298939.14  1.46%     -    0s
     0     0 3298939.14    0   42 3347937.50 3298939.14  1.46%     -    0s
H    0     2                    3337970.0000 3298939.14  1.17%     -    0s
     0     2 3298939.14    0   42 3337970.00 3298939.14  1.17%     -    0s
H   31    27                    3327462.5000 3299771.09  0.83%  18.6    0s
H   35    29                    3326987.5000 3299771.09  0.82%  20.1    0s
H   75    46                    3323962.5000 3299771.09  0.73%  13.4    0s
H   79    46                    3322437.5000 3299771.09  0.68%  12.7    0s
H  122    40                    3319070.0000 3303209.87  0.48%  11.1    0s
*  151    27              19    3311070.0000 3303636.83  0.22%  11.0    0s

Cutting planes:
  Gomory: 6
  Cover: 2
  Implied bound: 17
  MIR: 15
  Flow cover: 28
  GUB cover: 1
  Network: 1

Explored 220 nodes (2857 simplex iterations) in 0.11 seconds
Thread count was 8 (of 8 available processors)

Solution count 10: 3.31107e+06 3.31907e+06 3.32244e+06 ... 3.78484e+06

Optimal solution found (tolerance 1.00e-04)
Best objective 3.311070000000e+06, best bound 3.311070000000e+06, gap 0.0000%

Gurobi 7.5.1 (win64, Python) logging started 08/18/17 17:38:01

Optimize a model with 709 rows, 552 columns and 1734 nonzeros
Variable types: 304 continuous, 248 integer (248 binary)
Coefficient statistics:
  Matrix range     [1e+00, 8e+03]
  Objective range  [2e+00, 3e+04]
  Bounds range     [1e+00, 1e+00]
  RHS range        [1e+00, 4e+03]
Presolve removed 410 rows and 130 columns
Presolve time: 0.01s
Presolved: 299 rows, 422 columns, 1030 nonzeros
Variable types: 284 continuous, 138 integer (138 binary)

Root relaxation: objective 3.256359e+06, 287 iterations, 0.00 seconds

    Nodes    |    Current Node    |     Objective Bounds      |     Work
 Expl Unexpl |  Obj  Depth IntInf | Incumbent    BestBd   Gap | It/Node Time

     0     0 3256359.13    0   37          - 3256359.13      -     -    0s
H    0     0                    4057072.5000 3256359.13  19.7%     -    0s
     0     0 3339783.72    0   50 4057072.50 3339783.72  17.7%     -    0s
H    0     0                    3444457.5000 3339783.72  3.04%     -    0s
     0     0 3353632.65    0   49 3444457.50 3353632.65  2.64%     -    0s
     0     0 3353880.17    0   49 3444457.50 3353880.17  2.63%     -    0s
     0     0 3358924.01    0   36 3444457.50 3358924.01  2.48%     -    0s
     0     0 3361959.53    0   52 3444457.50 3361959.53  2.40%     -    0s
     0     0 3362746.79    0   52 3444457.50 3362746.79  2.37%     -    0s
     0     0 3362883.27    0   53 3444457.50 3362883.27  2.37%     -    0s
     0     0 3362899.55    0   53 3444457.50 3362899.55  2.37%     -    0s
     0     0 3368246.55    0   34 3444457.50 3368246.55  2.21%     -    0s
H    0     0                    3390337.5000 3368246.55  0.65%     -    0s
     0     0 3368702.63    0   53 3390337.50 3368702.63  0.64%     -    0s
     0     0 3368714.87    0   53 3390337.50 3368714.87  0.64%     -    0s
     0     0 3370060.37    0   34 3390337.50 3370060.37  0.60%     -    0s
     0     0 3371829.99    0   33 3390337.50 3371829.99  0.55%     -    0s
     0     0 3371861.84    0   34 3390337.50 3371861.84  0.54%     -    0s
     0     0 3371900.59    0   32 3390337.50 3371900.59  0.54%     -    0s
     0     0 3371915.54    0   35 3390337.50 3371915.54  0.54%     -    0s
     0     0 3371915.54    0   33 3390337.50 3371915.54  0.54%     -    0s
     0     2 3371915.54    0   33 3390337.50 3371915.54  0.54%     -    0s
*   63    14              12    3388537.5000 3383369.52  0.15%  11.2    0s
H   71     7                    3386187.5000 3385568.04  0.02%  10.8    0s

Cutting planes:
  Gomory: 6
  Cover: 5
  Implied bound: 24
  MIR: 31
  Flow cover: 33
  Network: 3

Explored 90 nodes (1774 simplex iterations) in 0.11 seconds
Thread count was 8 (of 8 available processors)

Solution count 5: 3.38619e+06 3.38854e+06 3.39034e+06 ... 4.05707e+06

Optimal solution found (tolerance 1.00e-04)
Best objective 3.386187500000e+06, best bound 3.386162500000e+06, gap 0.0007%

Gurobi 7.5.1 (win64, Python) logging started 08/18/17 17:39:24

Optimize a model with 702 rows, 552 columns and 1720 nonzeros
Variable types: 304 continuous, 248 integer (248 binary)
Coefficient statistics:
  Matrix range     [1e+00, 8e+03]
  Objective range  [2e+00, 3e+04]
  Bounds range     [1e+00, 1e+00]
  RHS range        [1e+00, 4e+03]
Presolve removed 410 rows and 130 columns
Presolve time: 0.00s
Presolved: 292 rows, 422 columns, 1016 nonzeros
Variable types: 284 continuous, 138 integer (138 binary)

Root relaxation: objective 3.199049e+06, 276 iterations, 0.00 seconds

    Nodes    |    Current Node    |     Objective Bounds      |     Work
 Expl Unexpl |  Obj  Depth IntInf | Incumbent    BestBd   Gap | It/Node Time

     0     0 3199049.36    0   41          - 3199049.36      -     -    0s
H    0     0                    3961975.0000 3199049.36  19.3%     -    0s
H    0     0                    3784840.0000 3199049.36  15.5%     -    0s
H    0     0                    3364515.0000 3199049.36  4.92%     -    0s
     0     0 3275339.54    0   30 3364515.00 3275339.54  2.65%     -    0s
H    0     0                    3347937.5000 3275339.54  2.17%     -    0s
     0     0 3293119.57    0   30 3347937.50 3293119.57  1.64%     -    0s
     0     0 3294418.95    0   43 3347937.50 3294418.95  1.60%     -    0s
     0     0 3294527.62    0   29 3347937.50 3294527.62  1.60%     -    0s
     0     0 3296045.70    0   44 3347937.50 3296045.70  1.55%     -    0s
     0     0 3298017.69    0   44 3347937.50 3298017.69  1.49%     -    0s
     0     0 3298019.65    0   44 3347937.50 3298019.65  1.49%     -    0s
     0     0 3298500.15    0   48 3347937.50 3298500.15  1.48%     -    0s
     0     0 3298833.27    0   35 3347937.50 3298833.27  1.47%     -    0s
     0     0 3298836.54    0   48 3347937.50 3298836.54  1.47%     -    0s
     0     0 3298939.14    0   44 3347937.50 3298939.14  1.46%     -    0s
     0     0 3298939.14    0   42 3347937.50 3298939.14  1.46%     -    0s
H    0     2                    3337970.0000 3298939.14  1.17%     -    0s
     0     2 3298939.14    0   42 3337970.00 3298939.14  1.17%     -    0s
H   31    27                    3327462.5000 3299771.09  0.83%  18.6    0s
H   35    29                    3326987.5000 3299771.09  0.82%  20.1    0s
H   75    46                    3323962.5000 3299771.09  0.73%  13.4    0s
H   79    46                    3322437.5000 3299771.09  0.68%  12.7    0s
H  122    40                    3319070.0000 3303209.87  0.48%  11.1    0s
*  151    27              19    3311070.0000 3303636.83  0.22%  11.0    0s

Cutting planes:
  Gomory: 6
  Cover: 2
  Implied bound: 17
  MIR: 15
  Flow cover: 28
  GUB cover: 1
  Network: 1

Explored 220 nodes (2857 simplex iterations) in 0.13 seconds
Thread count was 8 (of 8 available processors)

Solution count 10: 3.31107e+06 3.31907e+06 3.32244e+06 ... 3.78484e+06

Optimal solution found (tolerance 1.00e-04)
Best objective 3.311070000000e+06, best bound 3.311070000000e+06, gap 0.0000%

Gurobi 7.5.1 (win64, Python) logging started 08/18/17 17:40:27

Optimize a model with 702 rows, 552 columns and 1720 nonzeros
Variable types: 304 continuous, 248 integer (248 binary)
Coefficient statistics:
  Matrix range     [1e+00, 8e+03]
  Objective range  [2e+00, 3e+04]
  Bounds range     [1e+00, 1e+00]
  RHS range        [1e+00, 4e+03]
Presolve removed 410 rows and 130 columns
Presolve time: 0.00s
Presolved: 292 rows, 422 columns, 1016 nonzeros
Variable types: 284 continuous, 138 integer (138 binary)

Root relaxation: objective 3.199049e+06, 276 iterations, 0.00 seconds

    Nodes    |    Current Node    |     Objective Bounds      |     Work
 Expl Unexpl |  Obj  Depth IntInf | Incumbent    BestBd   Gap | It/Node Time

     0     0 3199049.36    0   41          - 3199049.36      -     -    0s
H    0     0                    3961975.0000 3199049.36  19.3%     -    0s
H    0     0                    3784840.0000 3199049.36  15.5%     -    0s
H    0     0                    3364515.0000 3199049.36  4.92%     -    0s
     0     0 3275339.54    0   30 3364515.00 3275339.54  2.65%     -    0s
H    0     0                    3347937.5000 3275339.54  2.17%     -    0s
     0     0 3293119.57    0   30 3347937.50 3293119.57  1.64%     -    0s
     0     0 3294418.95    0   43 3347937.50 3294418.95  1.60%     -    0s
     0     0 3294527.62    0   29 3347937.50 3294527.62  1.60%     -    0s
     0     0 3296045.70    0   44 3347937.50 3296045.70  1.55%     -    0s
     0     0 3298017.69    0   44 3347937.50 3298017.69  1.49%     -    0s
     0     0 3298019.65    0   44 3347937.50 3298019.65  1.49%     -    0s
     0     0 3298500.15    0   48 3347937.50 3298500.15  1.48%     -    0s
     0     0 3298833.27    0   35 3347937.50 3298833.27  1.47%     -    0s
     0     0 3298836.54    0   48 3347937.50 3298836.54  1.47%     -    0s
     0     0 3298939.14    0   44 3347937.50 3298939.14  1.46%     -    0s
     0     0 3298939.14    0   42 3347937.50 3298939.14  1.46%     -    0s
H    0     2                    3337970.0000 3298939.14  1.17%     -    0s
     0     2 3298939.14    0   42 3337970.00 3298939.14  1.17%     -    0s
H   31    27                    3327462.5000 3299771.09  0.83%  18.6    0s
H   35    29                    3326987.5000 3299771.09  0.82%  20.1    0s
H   75    46                    3323962.5000 3299771.09  0.73%  13.4    0s
H   79    46                    3322437.5000 3299771.09  0.68%  12.7    0s
H  122    40                    3319070.0000 3303209.87  0.48%  11.1    0s
*  151    27              19    3311070.0000 3303636.83  0.22%  11.0    0s

Cutting planes:
  Gomory: 6
  Cover: 2
  Implied bound: 17
  MIR: 15
  Flow cover: 28
  GUB cover: 1
  Network: 1

Explored 220 nodes (2857 simplex iterations) in 0.11 seconds
Thread count was 8 (of 8 available processors)

Solution count 10: 3.31107e+06 3.31907e+06 3.32244e+06 ... 3.78484e+06

Optimal solution found (tolerance 1.00e-04)
Best objective 3.311070000000e+06, best bound 3.311070000000e+06, gap 0.0000%

Gurobi 7.5.1 (win64, Python) logging started 08/18/17 17:42:01

Optimize a model with 709 rows, 552 columns and 1734 nonzeros
Variable types: 304 continuous, 248 integer (248 binary)
Coefficient statistics:
  Matrix range     [1e+00, 8e+03]
  Objective range  [2e+00, 3e+04]
  Bounds range     [1e+00, 1e+00]
  RHS range        [1e+00, 4e+03]
Presolve removed 410 rows and 130 columns
Presolve time: 0.01s
Presolved: 299 rows, 422 columns, 1030 nonzeros
Variable types: 284 continuous, 138 integer (138 binary)

Root relaxation: objective 3.256359e+06, 287 iterations, 0.00 seconds

    Nodes    |    Current Node    |     Objective Bounds      |     Work
 Expl Unexpl |  Obj  Depth IntInf | Incumbent    BestBd   Gap | It/Node Time

     0     0 3256359.13    0   37          - 3256359.13      -     -    0s
H    0     0                    4057072.5000 3256359.13  19.7%     -    0s
     0     0 3339783.72    0   50 4057072.50 3339783.72  17.7%     -    0s
H    0     0                    3444457.5000 3339783.72  3.04%     -    0s
     0     0 3353632.65    0   49 3444457.50 3353632.65  2.64%     -    0s
     0     0 3353880.17    0   49 3444457.50 3353880.17  2.63%     -    0s
     0     0 3358924.01    0   36 3444457.50 3358924.01  2.48%     -    0s
     0     0 3361959.53    0   52 3444457.50 3361959.53  2.40%     -    0s
     0     0 3362746.79    0   52 3444457.50 3362746.79  2.37%     -    0s
     0     0 3362883.27    0   53 3444457.50 3362883.27  2.37%     -    0s
     0     0 3362899.55    0   53 3444457.50 3362899.55  2.37%     -    0s
     0     0 3368246.55    0   34 3444457.50 3368246.55  2.21%     -    0s
H    0     0                    3390337.5000 3368246.55  0.65%     -    0s
     0     0 3368702.63    0   53 3390337.50 3368702.63  0.64%     -    0s
     0     0 3368714.87    0   53 3390337.50 3368714.87  0.64%     -    0s
     0     0 3370060.37    0   34 3390337.50 3370060.37  0.60%     -    0s
     0     0 3371829.99    0   33 3390337.50 3371829.99  0.55%     -    0s
     0     0 3371861.84    0   34 3390337.50 3371861.84  0.54%     -    0s
     0     0 3371900.59    0   32 3390337.50 3371900.59  0.54%     -    0s
     0     0 3371915.54    0   35 3390337.50 3371915.54  0.54%     -    0s
     0     0 3371915.54    0   33 3390337.50 3371915.54  0.54%     -    0s
     0     2 3371915.54    0   33 3390337.50 3371915.54  0.54%     -    0s
*   63    14              12    3388537.5000 3383369.52  0.15%  11.2    0s
H   71     7                    3386187.5000 3385568.04  0.02%  10.8    0s

Cutting planes:
  Gomory: 6
  Cover: 5
  Implied bound: 24
  MIR: 31
  Flow cover: 33
  Network: 3

Explored 90 nodes (1774 simplex iterations) in 0.10 seconds
Thread count was 8 (of 8 available processors)

Solution count 5: 3.38619e+06 3.38854e+06 3.39034e+06 ... 4.05707e+06

Optimal solution found (tolerance 1.00e-04)
Best objective 3.386187500000e+06, best bound 3.386162500000e+06, gap 0.0007%
